06:03:03,277 (main) INFO  [DataNucleus.Enhancer] - DataNucleus Enhancer for API "JDO"
06:03:03,643 (main) INFO  [DataNucleus.Enhancer] - DataNucleus Enhancer (version 3.1.1) : Enhancement of classes
06:03:04,269 (main) INFO  [DataNucleus.Enhancer] - Writing class file "/Users/DrunkWithFunk21/Workspace/zeppaworkspace/Zeppa-AppEngine/zeppa-common/target/classes/com/minook/zeppa/common/dataobject/DeviceInfo.class" with enhanced definition
06:03:04,289 (main) INFO  [DataNucleus.Enhancer] - Writing class file "/Users/DrunkWithFunk21/Workspace/zeppaworkspace/Zeppa-AppEngine/zeppa-common/target/classes/com/minook/zeppa/common/dataobject/EventComment.class" with enhanced definition
06:03:04,304 (main) INFO  [DataNucleus.Enhancer] - Writing class file "/Users/DrunkWithFunk21/Workspace/zeppaworkspace/Zeppa-AppEngine/zeppa-common/target/classes/com/minook/zeppa/common/dataobject/EventTag.class" with enhanced definition
06:03:04,320 (main) INFO  [DataNucleus.Enhancer] - Writing class file "/Users/DrunkWithFunk21/Workspace/zeppaworkspace/Zeppa-AppEngine/zeppa-common/target/classes/com/minook/zeppa/common/dataobject/EventTagFollow.class" with enhanced definition
06:03:04,329 (main) INFO  [DataNucleus.Enhancer] - Writing class file "/Users/DrunkWithFunk21/Workspace/zeppaworkspace/Zeppa-AppEngine/zeppa-common/target/classes/com/minook/zeppa/common/dataobject/PhotoInfo.class" with enhanced definition
06:03:04,346 (main) INFO  [DataNucleus.Enhancer] - Writing class file "/Users/DrunkWithFunk21/Workspace/zeppaworkspace/Zeppa-AppEngine/zeppa-common/target/classes/com/minook/zeppa/common/dataobject/ZeppaEvent.class" with enhanced definition
06:03:04,357 (main) INFO  [DataNucleus.Enhancer] - Writing class file "/Users/DrunkWithFunk21/Workspace/zeppaworkspace/Zeppa-AppEngine/zeppa-common/target/classes/com/minook/zeppa/common/dataobject/ZeppaEventToUserRelationship.class" with enhanced definition
06:03:04,377 (main) INFO  [DataNucleus.Enhancer] - Writing class file "/Users/DrunkWithFunk21/Workspace/zeppaworkspace/Zeppa-AppEngine/zeppa-common/target/classes/com/minook/zeppa/common/dataobject/ZeppaFeedback.class" with enhanced definition
06:03:04,388 (main) INFO  [DataNucleus.Enhancer] - Writing class file "/Users/DrunkWithFunk21/Workspace/zeppaworkspace/Zeppa-AppEngine/zeppa-common/target/classes/com/minook/zeppa/common/dataobject/ZeppaNotification.class" with enhanced definition
06:03:04,395 (main) INFO  [DataNucleus.Enhancer] - Writing class file "/Users/DrunkWithFunk21/Workspace/zeppaworkspace/Zeppa-AppEngine/zeppa-common/target/classes/com/minook/zeppa/common/dataobject/ZeppaUser.class" with enhanced definition
06:03:04,404 (main) INFO  [DataNucleus.Enhancer] - Writing class file "/Users/DrunkWithFunk21/Workspace/zeppaworkspace/Zeppa-AppEngine/zeppa-common/target/classes/com/minook/zeppa/common/dataobject/ZeppaUserInfo.class" with enhanced definition
06:03:04,411 (main) INFO  [DataNucleus.Enhancer] - Writing class file "/Users/DrunkWithFunk21/Workspace/zeppaworkspace/Zeppa-AppEngine/zeppa-common/target/classes/com/minook/zeppa/common/dataobject/ZeppaUserToUserRelationship.class" with enhanced definition
06:03:04,413 (main) INFO  [DataNucleus.Enhancer] - DataNucleus Enhancer completed with success for 12 classes. Timings : input=545 ms, enhance=221 ms, total=766 ms. Consult the log for full details
06:20:06,903 (main) INFO  [DataNucleus.Enhancer] - DataNucleus Enhancer for API "JDO"
06:20:07,163 (main) INFO  [DataNucleus.Enhancer] - DataNucleus Enhancer (version 3.1.1) : Enhancement of classes
06:20:07,606 (main) INFO  [DataNucleus.Enhancer] - Writing class file "/Users/DrunkWithFunk21/Workspace/zeppaworkspace/Zeppa-AppEngine/zeppa-common/target/classes/com/minook/zeppa/DeviceInfo.class" with enhanced definition
06:20:07,615 (main) INFO  [DataNucleus.Enhancer] - Writing class file "/Users/DrunkWithFunk21/Workspace/zeppaworkspace/Zeppa-AppEngine/zeppa-common/target/classes/com/minook/zeppa/EventComment.class" with enhanced definition
06:20:07,623 (main) INFO  [DataNucleus.Enhancer] - Writing class file "/Users/DrunkWithFunk21/Workspace/zeppaworkspace/Zeppa-AppEngine/zeppa-common/target/classes/com/minook/zeppa/EventTag.class" with enhanced definition
06:20:07,632 (main) INFO  [DataNucleus.Enhancer] - Writing class file "/Users/DrunkWithFunk21/Workspace/zeppaworkspace/Zeppa-AppEngine/zeppa-common/target/classes/com/minook/zeppa/EventTagFollow.class" with enhanced definition
06:20:07,639 (main) INFO  [DataNucleus.Enhancer] - Writing class file "/Users/DrunkWithFunk21/Workspace/zeppaworkspace/Zeppa-AppEngine/zeppa-common/target/classes/com/minook/zeppa/PhotoInfo.class" with enhanced definition
06:20:07,651 (main) INFO  [DataNucleus.Enhancer] - Writing class file "/Users/DrunkWithFunk21/Workspace/zeppaworkspace/Zeppa-AppEngine/zeppa-common/target/classes/com/minook/zeppa/ZeppaEvent.class" with enhanced definition
06:20:07,661 (main) INFO  [DataNucleus.Enhancer] - Writing class file "/Users/DrunkWithFunk21/Workspace/zeppaworkspace/Zeppa-AppEngine/zeppa-common/target/classes/com/minook/zeppa/ZeppaEventToUserRelationship.class" with enhanced definition
06:20:07,672 (main) INFO  [DataNucleus.Enhancer] - Writing class file "/Users/DrunkWithFunk21/Workspace/zeppaworkspace/Zeppa-AppEngine/zeppa-common/target/classes/com/minook/zeppa/ZeppaFeedback.class" with enhanced definition
06:20:07,679 (main) INFO  [DataNucleus.Enhancer] - Writing class file "/Users/DrunkWithFunk21/Workspace/zeppaworkspace/Zeppa-AppEngine/zeppa-common/target/classes/com/minook/zeppa/ZeppaNotification.class" with enhanced definition
06:20:07,685 (main) INFO  [DataNucleus.Enhancer] - Writing class file "/Users/DrunkWithFunk21/Workspace/zeppaworkspace/Zeppa-AppEngine/zeppa-common/target/classes/com/minook/zeppa/ZeppaUser.class" with enhanced definition
06:20:07,692 (main) INFO  [DataNucleus.Enhancer] - Writing class file "/Users/DrunkWithFunk21/Workspace/zeppaworkspace/Zeppa-AppEngine/zeppa-common/target/classes/com/minook/zeppa/ZeppaUserInfo.class" with enhanced definition
06:20:07,698 (main) INFO  [DataNucleus.Enhancer] - Writing class file "/Users/DrunkWithFunk21/Workspace/zeppaworkspace/Zeppa-AppEngine/zeppa-common/target/classes/com/minook/zeppa/ZeppaUserToUserRelationship.class" with enhanced definition
06:20:07,698 (main) INFO  [DataNucleus.Enhancer] - DataNucleus Enhancer completed with success for 12 classes. Timings : input=382 ms, enhance=151 ms, total=533 ms. Consult the log for full details
07:21:28,134 (main) INFO  [DataNucleus.Enhancer] - DataNucleus Enhancer for API "JDO"
07:21:28,470 (main) INFO  [DataNucleus.Enhancer] - DataNucleus Enhancer (version 3.1.1) : Enhancement of classes
07:21:28,985 (main) INFO  [DataNucleus.Enhancer] - Class "com.minook.zeppa.DeviceInfo" is already enhanced.
07:21:28,987 (main) INFO  [DataNucleus.Enhancer] - Class "com.minook.zeppa.EventComment" is already enhanced.
07:21:28,989 (main) INFO  [DataNucleus.Enhancer] - Class "com.minook.zeppa.EventTag" is already enhanced.
07:21:28,990 (main) INFO  [DataNucleus.Enhancer] - Class "com.minook.zeppa.EventTagFollow" is already enhanced.
07:21:28,991 (main) INFO  [DataNucleus.Enhancer] - Class "com.minook.zeppa.PhotoInfo" is already enhanced.
07:21:28,993 (main) INFO  [DataNucleus.Enhancer] - Class "com.minook.zeppa.ZeppaEvent" is already enhanced.
07:21:28,995 (main) INFO  [DataNucleus.Enhancer] - Class "com.minook.zeppa.ZeppaEventToUserRelationship" is already enhanced.
07:21:28,997 (main) INFO  [DataNucleus.Enhancer] - Class "com.minook.zeppa.ZeppaFeedback" is already enhanced.
07:21:28,999 (main) INFO  [DataNucleus.Enhancer] - Class "com.minook.zeppa.ZeppaNotification" is already enhanced.
07:21:29,001 (main) INFO  [DataNucleus.Enhancer] - Class "com.minook.zeppa.ZeppaUser" is already enhanced.
07:21:29,002 (main) INFO  [DataNucleus.Enhancer] - Class "com.minook.zeppa.ZeppaUserInfo" is already enhanced.
07:21:29,004 (main) INFO  [DataNucleus.Enhancer] - Class "com.minook.zeppa.ZeppaUserToUserRelationship" is already enhanced.
07:21:29,005 (main) INFO  [DataNucleus.Enhancer] - DataNucleus Enhancer completed with success for 12 classes. Timings : input=477 ms, enhance=54 ms, total=531 ms. Consult the log for full details
03:07:25,140 (main) INFO  [DataNucleus.Enhancer] - DataNucleus Enhancer for API "JDO"
03:07:25,460 (main) INFO  [DataNucleus.Enhancer] - DataNucleus Enhancer (version 3.1.1) : Enhancement of classes
03:07:26,302 (main) INFO  [DataNucleus.Enhancer] - Writing class file "/Users/DrunkWithFunk21/Workspace/zeppaworkspace/Zeppa-AppEngine/zeppa-api/target/classes/com/zeppamobile/api/datamodel/DeviceInfo.class" with enhanced definition
03:07:26,316 (main) INFO  [DataNucleus.Enhancer] - Writing class file "/Users/DrunkWithFunk21/Workspace/zeppaworkspace/Zeppa-AppEngine/zeppa-api/target/classes/com/zeppamobile/api/datamodel/EventComment.class" with enhanced definition
03:07:26,328 (main) INFO  [DataNucleus.Enhancer] - Writing class file "/Users/DrunkWithFunk21/Workspace/zeppaworkspace/Zeppa-AppEngine/zeppa-api/target/classes/com/zeppamobile/api/datamodel/EventTag.class" with enhanced definition
03:07:26,339 (main) INFO  [DataNucleus.Enhancer] - Writing class file "/Users/DrunkWithFunk21/Workspace/zeppaworkspace/Zeppa-AppEngine/zeppa-api/target/classes/com/zeppamobile/api/datamodel/EventTagFollow.class" with enhanced definition
03:07:26,348 (main) INFO  [DataNucleus.Enhancer] - Writing class file "/Users/DrunkWithFunk21/Workspace/zeppaworkspace/Zeppa-AppEngine/zeppa-api/target/classes/com/zeppamobile/api/datamodel/PhotoInfo.class" with enhanced definition
03:07:26,363 (main) INFO  [DataNucleus.Enhancer] - Writing class file "/Users/DrunkWithFunk21/Workspace/zeppaworkspace/Zeppa-AppEngine/zeppa-api/target/classes/com/zeppamobile/api/datamodel/ZeppaEvent.class" with enhanced definition
03:07:26,380 (main) INFO  [DataNucleus.Enhancer] - Writing class file "/Users/DrunkWithFunk21/Workspace/zeppaworkspace/Zeppa-AppEngine/zeppa-api/target/classes/com/zeppamobile/api/datamodel/ZeppaEventToUserRelationship.class" with enhanced definition
03:07:26,393 (main) INFO  [DataNucleus.Enhancer] - Writing class file "/Users/DrunkWithFunk21/Workspace/zeppaworkspace/Zeppa-AppEngine/zeppa-api/target/classes/com/zeppamobile/api/datamodel/ZeppaFeedback.class" with enhanced definition
03:07:26,409 (main) INFO  [DataNucleus.Enhancer] - Writing class file "/Users/DrunkWithFunk21/Workspace/zeppaworkspace/Zeppa-AppEngine/zeppa-api/target/classes/com/zeppamobile/api/datamodel/ZeppaNotification.class" with enhanced definition
03:07:26,417 (main) INFO  [DataNucleus.Enhancer] - Writing class file "/Users/DrunkWithFunk21/Workspace/zeppaworkspace/Zeppa-AppEngine/zeppa-api/target/classes/com/zeppamobile/api/datamodel/ZeppaUser.class" with enhanced definition
03:07:26,425 (main) INFO  [DataNucleus.Enhancer] - Writing class file "/Users/DrunkWithFunk21/Workspace/zeppaworkspace/Zeppa-AppEngine/zeppa-api/target/classes/com/zeppamobile/api/datamodel/ZeppaUserInfo.class" with enhanced definition
03:07:26,432 (main) INFO  [DataNucleus.Enhancer] - Writing class file "/Users/DrunkWithFunk21/Workspace/zeppaworkspace/Zeppa-AppEngine/zeppa-api/target/classes/com/zeppamobile/api/datamodel/ZeppaUserToUserRelationship.class" with enhanced definition
03:07:26,432 (main) INFO  [DataNucleus.Enhancer] - DataNucleus Enhancer completed with success for 12 classes. Timings : input=738 ms, enhance=231 ms, total=969 ms. Consult the log for full details
03:13:47,064 (main) INFO  [DataNucleus.Enhancer] - DataNucleus Enhancer for API "JDO"
03:13:47,380 (main) INFO  [DataNucleus.Enhancer] - DataNucleus Enhancer (version 3.1.1) : Enhancement of classes
03:13:47,996 (main) INFO  [DataNucleus.Enhancer] - Class "com.zeppamobile.api.datamodel.DeviceInfo" is already enhanced.
03:13:47,998 (main) INFO  [DataNucleus.Enhancer] - Class "com.zeppamobile.api.datamodel.EventComment" is already enhanced.
03:13:48,000 (main) INFO  [DataNucleus.Enhancer] - Class "com.zeppamobile.api.datamodel.EventTag" is already enhanced.
03:13:48,001 (main) INFO  [DataNucleus.Enhancer] - Class "com.zeppamobile.api.datamodel.EventTagFollow" is already enhanced.
03:13:48,003 (main) INFO  [DataNucleus.Enhancer] - Class "com.zeppamobile.api.datamodel.PhotoInfo" is already enhanced.
03:13:48,006 (main) INFO  [DataNucleus.Enhancer] - Class "com.zeppamobile.api.datamodel.ZeppaEvent" is already enhanced.
03:13:48,008 (main) INFO  [DataNucleus.Enhancer] - Class "com.zeppamobile.api.datamodel.ZeppaEventToUserRelationship" is already enhanced.
03:13:48,009 (main) INFO  [DataNucleus.Enhancer] - Class "com.zeppamobile.api.datamodel.ZeppaFeedback" is already enhanced.
03:13:48,011 (main) INFO  [DataNucleus.Enhancer] - Class "com.zeppamobile.api.datamodel.ZeppaNotification" is already enhanced.
03:13:48,013 (main) INFO  [DataNucleus.Enhancer] - Class "com.zeppamobile.api.datamodel.ZeppaUser" is already enhanced.
03:13:48,015 (main) INFO  [DataNucleus.Enhancer] - Class "com.zeppamobile.api.datamodel.ZeppaUserInfo" is already enhanced.
03:13:48,016 (main) INFO  [DataNucleus.Enhancer] - Class "com.zeppamobile.api.datamodel.ZeppaUserToUserRelationship" is already enhanced.
03:13:48,017 (main) INFO  [DataNucleus.Enhancer] - DataNucleus Enhancer completed with success for 12 classes. Timings : input=577 ms, enhance=56 ms, total=633 ms. Consult the log for full details
05:34:18,506 (main) INFO  [DataNucleus.Enhancer] - DataNucleus Enhancer for API "JDO"
05:34:18,832 (main) INFO  [DataNucleus.Enhancer] - DataNucleus Enhancer (version 3.1.1) : Enhancement of classes
05:34:19,449 (main) INFO  [DataNucleus.Enhancer] - Class "com.zeppamobile.api.datamodel.DeviceInfo" is already enhanced.
05:34:19,451 (main) INFO  [DataNucleus.Enhancer] - Class "com.zeppamobile.api.datamodel.EventComment" is already enhanced.
05:34:19,452 (main) INFO  [DataNucleus.Enhancer] - Class "com.zeppamobile.api.datamodel.EventTag" is already enhanced.
05:34:19,455 (main) INFO  [DataNucleus.Enhancer] - Class "com.zeppamobile.api.datamodel.EventTagFollow" is already enhanced.
05:34:19,457 (main) INFO  [DataNucleus.Enhancer] - Class "com.zeppamobile.api.datamodel.PhotoInfo" is already enhanced.
05:34:19,458 (main) INFO  [DataNucleus.Enhancer] - Class "com.zeppamobile.api.datamodel.ZeppaEvent" is already enhanced.
05:34:19,460 (main) INFO  [DataNucleus.Enhancer] - Class "com.zeppamobile.api.datamodel.ZeppaEventToUserRelationship" is already enhanced.
05:34:19,462 (main) INFO  [DataNucleus.Enhancer] - Class "com.zeppamobile.api.datamodel.ZeppaFeedback" is already enhanced.
05:34:19,464 (main) INFO  [DataNucleus.Enhancer] - Class "com.zeppamobile.api.datamodel.ZeppaNotification" is already enhanced.
05:34:19,466 (main) INFO  [DataNucleus.Enhancer] - Class "com.zeppamobile.api.datamodel.ZeppaUser" is already enhanced.
05:34:19,469 (main) INFO  [DataNucleus.Enhancer] - Class "com.zeppamobile.api.datamodel.ZeppaUserInfo" is already enhanced.
05:34:19,471 (main) INFO  [DataNucleus.Enhancer] - Class "com.zeppamobile.api.datamodel.ZeppaUserToUserRelationship" is already enhanced.
05:34:19,471 (main) INFO  [DataNucleus.Enhancer] - DataNucleus Enhancer completed with success for 12 classes. Timings : input=577 ms, enhance=60 ms, total=637 ms. Consult the log for full details
06:51:20,745 (main) INFO  [DataNucleus.Enhancer] - DataNucleus Enhancer for API "JDO"
06:51:21,060 (main) INFO  [DataNucleus.Enhancer] - DataNucleus Enhancer (version 3.1.1) : Enhancement of classes
06:51:21,694 (main) INFO  [DataNucleus.Enhancer] - Class "com.zeppamobile.api.datamodel.DeviceInfo" is already enhanced.
06:51:21,696 (main) INFO  [DataNucleus.Enhancer] - Class "com.zeppamobile.api.datamodel.EventComment" is already enhanced.
06:51:21,697 (main) INFO  [DataNucleus.Enhancer] - Class "com.zeppamobile.api.datamodel.EventTag" is already enhanced.
06:51:21,699 (main) INFO  [DataNucleus.Enhancer] - Class "com.zeppamobile.api.datamodel.EventTagFollow" is already enhanced.
06:51:21,700 (main) INFO  [DataNucleus.Enhancer] - Class "com.zeppamobile.api.datamodel.PhotoInfo" is already enhanced.
06:51:21,702 (main) INFO  [DataNucleus.Enhancer] - Class "com.zeppamobile.api.datamodel.ZeppaEvent" is already enhanced.
06:51:21,704 (main) INFO  [DataNucleus.Enhancer] - Class "com.zeppamobile.api.datamodel.ZeppaEventToUserRelationship" is already enhanced.
06:51:21,706 (main) INFO  [DataNucleus.Enhancer] - Class "com.zeppamobile.api.datamodel.ZeppaFeedback" is already enhanced.
06:51:21,708 (main) INFO  [DataNucleus.Enhancer] - Class "com.zeppamobile.api.datamodel.ZeppaNotification" is already enhanced.
06:51:21,711 (main) INFO  [DataNucleus.Enhancer] - Class "com.zeppamobile.api.datamodel.ZeppaUser" is already enhanced.
06:51:21,713 (main) INFO  [DataNucleus.Enhancer] - Class "com.zeppamobile.api.datamodel.ZeppaUserInfo" is already enhanced.
06:51:21,715 (main) INFO  [DataNucleus.Enhancer] - Class "com.zeppamobile.api.datamodel.ZeppaUserToUserRelationship" is already enhanced.
06:51:21,715 (main) INFO  [DataNucleus.Enhancer] - DataNucleus Enhancer completed with success for 12 classes. Timings : input=591 ms, enhance=61 ms, total=652 ms. Consult the log for full details
16:32:36,222 (main) INFO  [DataNucleus.Enhancer] - DataNucleus Enhancer for API "JDO"
16:32:36,578 (main) INFO  [DataNucleus.Enhancer] - DataNucleus Enhancer (version 3.1.1) : Enhancement of classes
16:32:37,039 (main) INFO  [DataNucleus.Enhancer] - DataNucleus Enhancer completed with success for 0 classes. Timings : input=456 ms, enhance=0 ms, total=456 ms. Consult the log for full details
16:32:37,039 (main) INFO  [DataNucleus.Enhancer] - DataNucleus Enhancer completed and no classes were enhanced. Consult the log for full details
16:45:11,146 (main) INFO  [DataNucleus.Enhancer] - DataNucleus Enhancer for API "JDO"
16:45:11,513 (main) INFO  [DataNucleus.Enhancer] - DataNucleus Enhancer (version 3.1.1) : Enhancement of classes
16:45:11,944 (main) INFO  [DataNucleus.Enhancer] - DataNucleus Enhancer completed with success for 0 classes. Timings : input=427 ms, enhance=0 ms, total=427 ms. Consult the log for full details
16:45:11,944 (main) INFO  [DataNucleus.Enhancer] - DataNucleus Enhancer completed and no classes were enhanced. Consult the log for full details
16:51:24,383 (main) INFO  [DataNucleus.Enhancer] - DataNucleus Enhancer for API "JDO"
16:51:24,773 (main) INFO  [DataNucleus.Enhancer] - DataNucleus Enhancer (version 3.1.1) : Enhancement of classes
16:51:25,226 (main) INFO  [DataNucleus.Enhancer] - DataNucleus Enhancer completed with success for 0 classes. Timings : input=450 ms, enhance=0 ms, total=450 ms. Consult the log for full details
16:51:25,227 (main) INFO  [DataNucleus.Enhancer] - DataNucleus Enhancer completed and no classes were enhanced. Consult the log for full details
16:18:53,028 (main) INFO  [DataNucleus.Enhancer] - DataNucleus Enhancer for API "JDO"
16:18:53,440 (main) INFO  [DataNucleus.Enhancer] - DataNucleus Enhancer (version 3.1.1) : Enhancement of classes
16:18:53,916 (main) INFO  [DataNucleus.Enhancer] - DataNucleus Enhancer completed with success for 0 classes. Timings : input=472 ms, enhance=0 ms, total=472 ms. Consult the log for full details
16:18:53,916 (main) INFO  [DataNucleus.Enhancer] - DataNucleus Enhancer completed and no classes were enhanced. Consult the log for full details
17:21:40,024 (main) INFO  [DataNucleus.Enhancer] - DataNucleus Enhancer for API "JDO"
17:21:40,415 (main) INFO  [DataNucleus.Enhancer] - DataNucleus Enhancer (version 3.1.1) : Enhancement of classes
17:21:40,903 (main) INFO  [DataNucleus.Enhancer] - DataNucleus Enhancer completed with success for 0 classes. Timings : input=485 ms, enhance=0 ms, total=485 ms. Consult the log for full details
17:21:40,904 (main) INFO  [DataNucleus.Enhancer] - DataNucleus Enhancer completed and no classes were enhanced. Consult the log for full details
21:01:29,201 (main) INFO  [DataNucleus.Enhancer] - DataNucleus Enhancer for API "JDO"
21:01:29,607 (main) INFO  [DataNucleus.Enhancer] - DataNucleus Enhancer (version 3.1.1) : Enhancement of classes
21:01:30,132 (main) INFO  [DataNucleus.Enhancer] - DataNucleus Enhancer completed with success for 0 classes. Timings : input=522 ms, enhance=0 ms, total=522 ms. Consult the log for full details
21:01:30,132 (main) INFO  [DataNucleus.Enhancer] - DataNucleus Enhancer completed and no classes were enhanced. Consult the log for full details
18:51:54,372 (main) INFO  [DataNucleus.Enhancer] - DataNucleus Enhancer for API "JDO"
18:51:54,704 (main) INFO  [DataNucleus.Enhancer] - DataNucleus Enhancer (version 3.1.1) : Enhancement of classes
18:51:55,201 (main) INFO  [DataNucleus.Enhancer] - DataNucleus Enhancer completed with success for 0 classes. Timings : input=491 ms, enhance=0 ms, total=491 ms. Consult the log for full details
18:51:55,201 (main) INFO  [DataNucleus.Enhancer] - DataNucleus Enhancer completed and no classes were enhanced. Consult the log for full details
19:05:40,187 (main) INFO  [DataNucleus.Enhancer] - DataNucleus Enhancer for API "JDO"
19:05:40,550 (main) INFO  [DataNucleus.Enhancer] - DataNucleus Enhancer (version 3.1.1) : Enhancement of classes
19:05:41,008 (main) INFO  [DataNucleus.Enhancer] - DataNucleus Enhancer completed with success for 0 classes. Timings : input=454 ms, enhance=0 ms, total=454 ms. Consult the log for full details
19:05:41,009 (main) INFO  [DataNucleus.Enhancer] - DataNucleus Enhancer completed and no classes were enhanced. Consult the log for full details
18:12:41,749 (main) INFO  [DataNucleus.Enhancer] - DataNucleus Enhancer for API "JDO"
18:12:42,129 (main) INFO  [DataNucleus.Enhancer] - DataNucleus Enhancer (version 3.1.1) : Enhancement of classes
18:12:42,601 (main) INFO  [DataNucleus.Enhancer] - DataNucleus Enhancer completed with success for 0 classes. Timings : input=467 ms, enhance=0 ms, total=467 ms. Consult the log for full details
18:12:42,601 (main) INFO  [DataNucleus.Enhancer] - DataNucleus Enhancer completed and no classes were enhanced. Consult the log for full details
18:39:34,225 (main) INFO  [DataNucleus.Enhancer] - DataNucleus Enhancer for API "JDO"
18:39:34,629 (main) INFO  [DataNucleus.Enhancer] - DataNucleus Enhancer (version 3.1.1) : Enhancement of classes
18:39:35,217 (main) INFO  [DataNucleus.Enhancer] - DataNucleus Enhancer completed with success for 0 classes. Timings : input=580 ms, enhance=0 ms, total=580 ms. Consult the log for full details
18:39:35,217 (main) INFO  [DataNucleus.Enhancer] - DataNucleus Enhancer completed and no classes were enhanced. Consult the log for full details
13:35:51,444 (main) INFO  [DataNucleus.Enhancer] - DataNucleus Enhancer for API "JDO"
13:35:51,839 (main) INFO  [DataNucleus.Enhancer] - DataNucleus Enhancer (version 3.1.1) : Enhancement of classes
13:35:52,363 (main) INFO  [DataNucleus.Enhancer] - DataNucleus Enhancer completed with success for 0 classes. Timings : input=520 ms, enhance=0 ms, total=520 ms. Consult the log for full details
13:35:52,363 (main) INFO  [DataNucleus.Enhancer] - DataNucleus Enhancer completed and no classes were enhanced. Consult the log for full details
13:44:35,709 (main) INFO  [DataNucleus.Enhancer] - DataNucleus Enhancer for API "JDO"
13:44:36,129 (main) INFO  [DataNucleus.Enhancer] - DataNucleus Enhancer (version 3.1.1) : Enhancement of classes
13:44:36,585 (main) INFO  [DataNucleus.Enhancer] - DataNucleus Enhancer completed with success for 0 classes. Timings : input=453 ms, enhance=0 ms, total=453 ms. Consult the log for full details
13:44:36,585 (main) INFO  [DataNucleus.Enhancer] - DataNucleus Enhancer completed and no classes were enhanced. Consult the log for full details
17:15:43,656 (main) INFO  [DataNucleus.Enhancer] - DataNucleus Enhancer for API "JDO"
17:15:44,012 (main) INFO  [DataNucleus.Enhancer] - DataNucleus Enhancer (version 3.1.1) : Enhancement of classes
17:15:44,443 (main) INFO  [DataNucleus.Enhancer] - DataNucleus Enhancer completed with success for 0 classes. Timings : input=419 ms, enhance=0 ms, total=419 ms. Consult the log for full details
17:15:44,443 (main) INFO  [DataNucleus.Enhancer] - DataNucleus Enhancer completed and no classes were enhanced. Consult the log for full details
20:23:24,104 (main) INFO  [DataNucleus.Enhancer] - DataNucleus Enhancer for API "JDO"
20:23:24,466 (main) INFO  [DataNucleus.Enhancer] - DataNucleus Enhancer (version 3.1.1) : Enhancement of classes
20:23:24,984 (main) INFO  [DataNucleus.Enhancer] - DataNucleus Enhancer completed with success for 0 classes. Timings : input=515 ms, enhance=0 ms, total=515 ms. Consult the log for full details
20:23:24,987 (main) INFO  [DataNucleus.Enhancer] - DataNucleus Enhancer completed and no classes were enhanced. Consult the log for full details
20:48:36,222 (main) INFO  [DataNucleus.Enhancer] - DataNucleus Enhancer for API "JDO"
20:48:36,615 (main) INFO  [DataNucleus.Enhancer] - DataNucleus Enhancer (version 3.1.1) : Enhancement of classes
20:48:37,082 (main) INFO  [DataNucleus.Enhancer] - DataNucleus Enhancer completed with success for 0 classes. Timings : input=461 ms, enhance=0 ms, total=461 ms. Consult the log for full details
20:48:37,082 (main) INFO  [DataNucleus.Enhancer] - DataNucleus Enhancer completed and no classes were enhanced. Consult the log for full details
13:52:57,923 (main) INFO  [DataNucleus.Enhancer] - DataNucleus Enhancer for API "JDO"
13:52:58,278 (main) INFO  [DataNucleus.Enhancer] - DataNucleus Enhancer (version 3.1.1) : Enhancement of classes
13:52:58,715 (main) INFO  [DataNucleus.Enhancer] - DataNucleus Enhancer completed with success for 0 classes. Timings : input=433 ms, enhance=0 ms, total=433 ms. Consult the log for full details
13:52:58,715 (main) INFO  [DataNucleus.Enhancer] - DataNucleus Enhancer completed and no classes were enhanced. Consult the log for full details
15:30:18,205 (main) INFO  [DataNucleus.Enhancer] - DataNucleus Enhancer for API "JDO"
15:30:18,621 (main) INFO  [DataNucleus.Enhancer] - DataNucleus Enhancer (version 3.1.1) : Enhancement of classes
15:30:19,060 (main) INFO  [DataNucleus.Enhancer] - DataNucleus Enhancer completed with success for 0 classes. Timings : input=435 ms, enhance=0 ms, total=435 ms. Consult the log for full details
15:30:19,060 (main) INFO  [DataNucleus.Enhancer] - DataNucleus Enhancer completed and no classes were enhanced. Consult the log for full details
16:34:51,642 (main) INFO  [DataNucleus.Enhancer] - DataNucleus Enhancer for API "JDO"
16:34:52,004 (main) INFO  [DataNucleus.Enhancer] - DataNucleus Enhancer (version 3.1.1) : Enhancement of classes
16:34:52,398 (main) INFO  [DataNucleus.Enhancer] - DataNucleus Enhancer completed with success for 0 classes. Timings : input=390 ms, enhance=0 ms, total=390 ms. Consult the log for full details
16:34:52,398 (main) INFO  [DataNucleus.Enhancer] - DataNucleus Enhancer completed and no classes were enhanced. Consult the log for full details
16:45:43,379 (main) INFO  [DataNucleus.Enhancer] - DataNucleus Enhancer for API "JDO"
16:45:43,741 (main) INFO  [DataNucleus.Enhancer] - DataNucleus Enhancer (version 3.1.1) : Enhancement of classes
16:45:44,158 (main) INFO  [DataNucleus.Enhancer] - DataNucleus Enhancer completed with success for 0 classes. Timings : input=415 ms, enhance=0 ms, total=415 ms. Consult the log for full details
16:45:44,158 (main) INFO  [DataNucleus.Enhancer] - DataNucleus Enhancer completed and no classes were enhanced. Consult the log for full details
09:50:28,634 (main) INFO  [DataNucleus.Enhancer] - DataNucleus Enhancer for API "JDO"
09:50:29,124 (main) INFO  [DataNucleus.Enhancer] - DataNucleus Enhancer (version 3.1.1) : Enhancement of classes
09:50:30,117 (main) INFO  [DataNucleus.Enhancer] - DataNucleus Enhancer completed with success for 0 classes. Timings : input=975 ms, enhance=0 ms, total=975 ms. Consult the log for full details
09:50:30,117 (main) INFO  [DataNucleus.Enhancer] - DataNucleus Enhancer completed and no classes were enhanced. Consult the log for full details
10:05:59,099 (main) INFO  [DataNucleus.Enhancer] - DataNucleus Enhancer for API "JDO"
10:05:59,453 (main) INFO  [DataNucleus.Enhancer] - DataNucleus Enhancer (version 3.1.1) : Enhancement of classes
10:05:59,899 (main) INFO  [DataNucleus.Enhancer] - DataNucleus Enhancer completed with success for 0 classes. Timings : input=442 ms, enhance=0 ms, total=442 ms. Consult the log for full details
10:05:59,899 (main) INFO  [DataNucleus.Enhancer] - DataNucleus Enhancer completed and no classes were enhanced. Consult the log for full details
19:20:57,390 (main) INFO  [DataNucleus.Enhancer] - DataNucleus Enhancer for API "JDO"
19:20:57,755 (main) INFO  [DataNucleus.Enhancer] - DataNucleus Enhancer (version 3.1.1) : Enhancement of classes
19:20:58,206 (main) INFO  [DataNucleus.Enhancer] - DataNucleus Enhancer completed with success for 0 classes. Timings : input=440 ms, enhance=0 ms, total=440 ms. Consult the log for full details
19:20:58,206 (main) INFO  [DataNucleus.Enhancer] - DataNucleus Enhancer completed and no classes were enhanced. Consult the log for full details
20:05:52,428 (main) INFO  [DataNucleus.Enhancer] - DataNucleus Enhancer for API "JDO"
20:05:52,838 (main) INFO  [DataNucleus.Enhancer] - DataNucleus Enhancer (version 3.1.1) : Enhancement of classes
20:05:53,294 (main) INFO  [DataNucleus.Enhancer] - DataNucleus Enhancer completed with success for 0 classes. Timings : input=453 ms, enhance=0 ms, total=453 ms. Consult the log for full details
20:05:53,294 (main) INFO  [DataNucleus.Enhancer] - DataNucleus Enhancer completed and no classes were enhanced. Consult the log for full details
23:17:09,538 (main) INFO  [DataNucleus.Enhancer] - DataNucleus Enhancer for API "JDO"
23:17:09,957 (main) INFO  [DataNucleus.Enhancer] - DataNucleus Enhancer (version 3.1.1) : Enhancement of classes
23:17:10,684 (main) INFO  [DataNucleus.Enhancer] - Class "com.zeppamobile.api.datamodel.DeviceInfo" is already enhanced.
23:17:10,686 (main) INFO  [DataNucleus.Enhancer] - Class "com.zeppamobile.api.datamodel.EventComment" is already enhanced.
23:17:10,689 (main) INFO  [DataNucleus.Enhancer] - Class "com.zeppamobile.api.datamodel.EventTag" is already enhanced.
23:17:10,691 (main) INFO  [DataNucleus.Enhancer] - Class "com.zeppamobile.api.datamodel.EventTagFollow" is already enhanced.
23:17:10,693 (main) INFO  [DataNucleus.Enhancer] - Class "com.zeppamobile.api.datamodel.InviteGroup" is already enhanced.
23:17:10,694 (main) INFO  [DataNucleus.Enhancer] - Class "com.zeppamobile.api.datamodel.PhotoInfo" is already enhanced.
23:17:10,696 (main) INFO  [DataNucleus.Enhancer] - Class "com.zeppamobile.api.datamodel.ZeppaEvent" is already enhanced.
23:17:10,697 (main) INFO  [DataNucleus.Enhancer] - Class "com.zeppamobile.api.datamodel.ZeppaEventToUserRelationship" is already enhanced.
23:17:10,699 (main) INFO  [DataNucleus.Enhancer] - Class "com.zeppamobile.api.datamodel.ZeppaFeedback" is already enhanced.
23:17:10,702 (main) INFO  [DataNucleus.Enhancer] - Class "com.zeppamobile.api.datamodel.ZeppaNotification" is already enhanced.
23:17:10,704 (main) INFO  [DataNucleus.Enhancer] - Class "com.zeppamobile.api.datamodel.ZeppaUser" is already enhanced.
23:17:10,710 (main) INFO  [DataNucleus.Enhancer] - Class "com.zeppamobile.api.datamodel.ZeppaUserInfo" is already enhanced.
23:17:10,713 (main) INFO  [DataNucleus.Enhancer] - Class "com.zeppamobile.api.datamodel.ZeppaUserToUserRelationship" is already enhanced.
23:17:10,714 (main) INFO  [DataNucleus.Enhancer] - DataNucleus Enhancer completed with success for 13 classes. Timings : input=689 ms, enhance=65 ms, total=754 ms. Consult the log for full details
23:55:11,530 (main) INFO  [DataNucleus.Enhancer] - DataNucleus Enhancer for API "JDO"
23:55:12,034 (main) INFO  [DataNucleus.Enhancer] - DataNucleus Enhancer (version 3.1.1) : Enhancement of classes
23:55:12,772 (main) INFO  [DataNucleus.Enhancer] - Class "com.zeppamobile.api.datamodel.DeviceInfo" is already enhanced.
23:55:12,774 (main) INFO  [DataNucleus.Enhancer] - Class "com.zeppamobile.api.datamodel.EventComment" is already enhanced.
23:55:12,775 (main) INFO  [DataNucleus.Enhancer] - Class "com.zeppamobile.api.datamodel.EventTag" is already enhanced.
23:55:12,777 (main) INFO  [DataNucleus.Enhancer] - Class "com.zeppamobile.api.datamodel.EventTagFollow" is already enhanced.
23:55:12,778 (main) INFO  [DataNucleus.Enhancer] - Class "com.zeppamobile.api.datamodel.InviteGroup" is already enhanced.
23:55:12,780 (main) INFO  [DataNucleus.Enhancer] - Class "com.zeppamobile.api.datamodel.PhotoInfo" is already enhanced.
23:55:12,782 (main) INFO  [DataNucleus.Enhancer] - Class "com.zeppamobile.api.datamodel.ZeppaEvent" is already enhanced.
23:55:12,783 (main) INFO  [DataNucleus.Enhancer] - Class "com.zeppamobile.api.datamodel.ZeppaEventToUserRelationship" is already enhanced.
23:55:12,786 (main) INFO  [DataNucleus.Enhancer] - Class "com.zeppamobile.api.datamodel.ZeppaFeedback" is already enhanced.
23:55:12,789 (main) INFO  [DataNucleus.Enhancer] - Class "com.zeppamobile.api.datamodel.ZeppaNotification" is already enhanced.
23:55:12,791 (main) INFO  [DataNucleus.Enhancer] - Class "com.zeppamobile.api.datamodel.ZeppaUser" is already enhanced.
23:55:12,793 (main) INFO  [DataNucleus.Enhancer] - Class "com.zeppamobile.api.datamodel.ZeppaUserInfo" is already enhanced.
23:55:12,798 (main) INFO  [DataNucleus.Enhancer] - Class "com.zeppamobile.api.datamodel.ZeppaUserToUserRelationship" is already enhanced.
23:55:12,799 (main) INFO  [DataNucleus.Enhancer] - DataNucleus Enhancer completed with success for 13 classes. Timings : input=696 ms, enhance=65 ms, total=761 ms. Consult the log for full details
23:59:46,802 (main) INFO  [DataNucleus.Enhancer] - DataNucleus Enhancer for API "JDO"
23:59:47,198 (main) INFO  [DataNucleus.Enhancer] - DataNucleus Enhancer (version 3.1.1) : Enhancement of classes
23:59:47,948 (main) INFO  [DataNucleus.Enhancer] - Class "com.zeppamobile.api.datamodel.DeviceInfo" is already enhanced.
23:59:47,950 (main) INFO  [DataNucleus.Enhancer] - Class "com.zeppamobile.api.datamodel.EventComment" is already enhanced.
23:59:47,952 (main) INFO  [DataNucleus.Enhancer] - Class "com.zeppamobile.api.datamodel.EventTag" is already enhanced.
23:59:47,955 (main) INFO  [DataNucleus.Enhancer] - Class "com.zeppamobile.api.datamodel.EventTagFollow" is already enhanced.
23:59:47,956 (main) INFO  [DataNucleus.Enhancer] - Class "com.zeppamobile.api.datamodel.InviteGroup" is already enhanced.
23:59:47,958 (main) INFO  [DataNucleus.Enhancer] - Class "com.zeppamobile.api.datamodel.PhotoInfo" is already enhanced.
23:59:47,960 (main) INFO  [DataNucleus.Enhancer] - Class "com.zeppamobile.api.datamodel.ZeppaEvent" is already enhanced.
23:59:47,962 (main) INFO  [DataNucleus.Enhancer] - Class "com.zeppamobile.api.datamodel.ZeppaEventToUserRelationship" is already enhanced.
23:59:47,964 (main) INFO  [DataNucleus.Enhancer] - Class "com.zeppamobile.api.datamodel.ZeppaFeedback" is already enhanced.
23:59:47,965 (main) INFO  [DataNucleus.Enhancer] - Class "com.zeppamobile.api.datamodel.ZeppaNotification" is already enhanced.
23:59:47,967 (main) INFO  [DataNucleus.Enhancer] - Class "com.zeppamobile.api.datamodel.ZeppaUser" is already enhanced.
23:59:47,968 (main) INFO  [DataNucleus.Enhancer] - Class "com.zeppamobile.api.datamodel.ZeppaUserInfo" is already enhanced.
23:59:47,969 (main) INFO  [DataNucleus.Enhancer] - Class "com.zeppamobile.api.datamodel.ZeppaUserToUserRelationship" is already enhanced.
23:59:47,971 (main) INFO  [DataNucleus.Enhancer] - DataNucleus Enhancer completed with success for 13 classes. Timings : input=713 ms, enhance=57 ms, total=770 ms. Consult the log for full details
00:14:42,145 (main) INFO  [DataNucleus.Enhancer] - DataNucleus Enhancer for API "JDO"
00:14:42,493 (main) INFO  [DataNucleus.Enhancer] - DataNucleus Enhancer (version 3.1.1) : Enhancement of classes
00:14:43,285 (main) INFO  [DataNucleus.Enhancer] - Class "com.zeppamobile.api.datamodel.DeviceInfo" is already enhanced.
00:14:43,288 (main) INFO  [DataNucleus.Enhancer] - Class "com.zeppamobile.api.datamodel.EventComment" is already enhanced.
00:14:43,289 (main) INFO  [DataNucleus.Enhancer] - Class "com.zeppamobile.api.datamodel.EventTag" is already enhanced.
00:14:43,291 (main) INFO  [DataNucleus.Enhancer] - Class "com.zeppamobile.api.datamodel.EventTagFollow" is already enhanced.
00:14:43,292 (main) INFO  [DataNucleus.Enhancer] - Class "com.zeppamobile.api.datamodel.InviteGroup" is already enhanced.
00:14:43,293 (main) INFO  [DataNucleus.Enhancer] - Class "com.zeppamobile.api.datamodel.PhotoInfo" is already enhanced.
00:14:43,295 (main) INFO  [DataNucleus.Enhancer] - Class "com.zeppamobile.api.datamodel.ZeppaEvent" is already enhanced.
00:14:43,297 (main) INFO  [DataNucleus.Enhancer] - Class "com.zeppamobile.api.datamodel.ZeppaEventToUserRelationship" is already enhanced.
00:14:43,298 (main) INFO  [DataNucleus.Enhancer] - Class "com.zeppamobile.api.datamodel.ZeppaFeedback" is already enhanced.
00:14:43,300 (main) INFO  [DataNucleus.Enhancer] - Class "com.zeppamobile.api.datamodel.ZeppaNotification" is already enhanced.
00:14:43,302 (main) INFO  [DataNucleus.Enhancer] - Class "com.zeppamobile.api.datamodel.ZeppaUser" is already enhanced.
00:14:43,303 (main) INFO  [DataNucleus.Enhancer] - Class "com.zeppamobile.api.datamodel.ZeppaUserInfo" is already enhanced.
00:14:43,305 (main) INFO  [DataNucleus.Enhancer] - Class "com.zeppamobile.api.datamodel.ZeppaUserToUserRelationship" is already enhanced.
00:14:43,305 (main) INFO  [DataNucleus.Enhancer] - DataNucleus Enhancer completed with success for 13 classes. Timings : input=744 ms, enhance=64 ms, total=808 ms. Consult the log for full details
00:17:26,241 (main) INFO  [DataNucleus.Enhancer] - DataNucleus Enhancer for API "JDO"
00:17:26,698 (main) INFO  [DataNucleus.Enhancer] - DataNucleus Enhancer (version 3.1.1) : Enhancement of classes
00:17:27,452 (main) INFO  [DataNucleus.Enhancer] - Class "com.zeppamobile.api.datamodel.DeviceInfo" is already enhanced.
00:17:27,453 (main) INFO  [DataNucleus.Enhancer] - Class "com.zeppamobile.api.datamodel.EventComment" is already enhanced.
00:17:27,455 (main) INFO  [DataNucleus.Enhancer] - Class "com.zeppamobile.api.datamodel.EventTag" is already enhanced.
00:17:27,456 (main) INFO  [DataNucleus.Enhancer] - Class "com.zeppamobile.api.datamodel.EventTagFollow" is already enhanced.
00:17:27,458 (main) INFO  [DataNucleus.Enhancer] - Class "com.zeppamobile.api.datamodel.InviteGroup" is already enhanced.
00:17:27,459 (main) INFO  [DataNucleus.Enhancer] - Class "com.zeppamobile.api.datamodel.PhotoInfo" is already enhanced.
00:17:27,462 (main) INFO  [DataNucleus.Enhancer] - Class "com.zeppamobile.api.datamodel.ZeppaEvent" is already enhanced.
00:17:27,464 (main) INFO  [DataNucleus.Enhancer] - Class "com.zeppamobile.api.datamodel.ZeppaEventToUserRelationship" is already enhanced.
00:17:27,467 (main) INFO  [DataNucleus.Enhancer] - Class "com.zeppamobile.api.datamodel.ZeppaFeedback" is already enhanced.
00:17:27,468 (main) INFO  [DataNucleus.Enhancer] - Class "com.zeppamobile.api.datamodel.ZeppaNotification" is already enhanced.
00:17:27,470 (main) INFO  [DataNucleus.Enhancer] - Class "com.zeppamobile.api.datamodel.ZeppaUser" is already enhanced.
00:17:27,471 (main) INFO  [DataNucleus.Enhancer] - Class "com.zeppamobile.api.datamodel.ZeppaUserInfo" is already enhanced.
00:17:27,473 (main) INFO  [DataNucleus.Enhancer] - Class "com.zeppamobile.api.datamodel.ZeppaUserToUserRelationship" is already enhanced.
00:17:27,474 (main) INFO  [DataNucleus.Enhancer] - DataNucleus Enhancer completed with success for 13 classes. Timings : input=713 ms, enhance=59 ms, total=772 ms. Consult the log for full details
00:18:34,816 (main) INFO  [DataNucleus.Enhancer] - DataNucleus Enhancer for API "JDO"
00:18:35,120 (main) INFO  [DataNucleus.Enhancer] - DataNucleus Enhancer (version 3.1.1) : Enhancement of classes
00:18:35,877 (main) INFO  [DataNucleus.Enhancer] - Class "com.zeppamobile.api.datamodel.DeviceInfo" is already enhanced.
00:18:35,879 (main) INFO  [DataNucleus.Enhancer] - Class "com.zeppamobile.api.datamodel.EventComment" is already enhanced.
00:18:35,882 (main) INFO  [DataNucleus.Enhancer] - Class "com.zeppamobile.api.datamodel.EventTag" is already enhanced.
00:18:35,884 (main) INFO  [DataNucleus.Enhancer] - Class "com.zeppamobile.api.datamodel.EventTagFollow" is already enhanced.
00:18:35,886 (main) INFO  [DataNucleus.Enhancer] - Class "com.zeppamobile.api.datamodel.InviteGroup" is already enhanced.
00:18:35,892 (main) INFO  [DataNucleus.Enhancer] - Class "com.zeppamobile.api.datamodel.PhotoInfo" is already enhanced.
00:18:35,895 (main) INFO  [DataNucleus.Enhancer] - Class "com.zeppamobile.api.datamodel.ZeppaEvent" is already enhanced.
00:18:35,897 (main) INFO  [DataNucleus.Enhancer] - Class "com.zeppamobile.api.datamodel.ZeppaEventToUserRelationship" is already enhanced.
00:18:35,899 (main) INFO  [DataNucleus.Enhancer] - Class "com.zeppamobile.api.datamodel.ZeppaFeedback" is already enhanced.
00:18:35,901 (main) INFO  [DataNucleus.Enhancer] - Class "com.zeppamobile.api.datamodel.ZeppaNotification" is already enhanced.
00:18:35,904 (main) INFO  [DataNucleus.Enhancer] - Class "com.zeppamobile.api.datamodel.ZeppaUser" is already enhanced.
00:18:35,906 (main) INFO  [DataNucleus.Enhancer] - Class "com.zeppamobile.api.datamodel.ZeppaUserInfo" is already enhanced.
00:18:35,909 (main) INFO  [DataNucleus.Enhancer] - Class "com.zeppamobile.api.datamodel.ZeppaUserToUserRelationship" is already enhanced.
00:18:35,909 (main) INFO  [DataNucleus.Enhancer] - DataNucleus Enhancer completed with success for 13 classes. Timings : input=707 ms, enhance=80 ms, total=787 ms. Consult the log for full details
10:33:57,821 (main) INFO  [DataNucleus.Enhancer] - DataNucleus Enhancer for API "JDO"
10:33:58,148 (main) INFO  [DataNucleus.Enhancer] - DataNucleus Enhancer (version 3.1.1) : Enhancement of classes
10:33:58,980 (main) INFO  [DataNucleus.Enhancer] - Writing class file "/Users/DrunkWithFunk21/Workspace/zeppaworkspace/Zeppa-AppEngine/zeppa-api/target/zeppa-api-1/WEB-INF/classes/com/zeppamobile/api/datamodel/DeviceInfo.class" with enhanced definition
10:33:58,989 (main) INFO  [DataNucleus.Enhancer] - Writing class file "/Users/DrunkWithFunk21/Workspace/zeppaworkspace/Zeppa-AppEngine/zeppa-api/target/zeppa-api-1/WEB-INF/classes/com/zeppamobile/api/datamodel/EventComment.class" with enhanced definition
10:33:59,001 (main) INFO  [DataNucleus.Enhancer] - Writing class file "/Users/DrunkWithFunk21/Workspace/zeppaworkspace/Zeppa-AppEngine/zeppa-api/target/zeppa-api-1/WEB-INF/classes/com/zeppamobile/api/datamodel/EventTag.class" with enhanced definition
10:33:59,022 (main) INFO  [DataNucleus.Enhancer] - Writing class file "/Users/DrunkWithFunk21/Workspace/zeppaworkspace/Zeppa-AppEngine/zeppa-api/target/zeppa-api-1/WEB-INF/classes/com/zeppamobile/api/datamodel/EventTagFollow.class" with enhanced definition
10:33:59,030 (main) INFO  [DataNucleus.Enhancer] - Writing class file "/Users/DrunkWithFunk21/Workspace/zeppaworkspace/Zeppa-AppEngine/zeppa-api/target/zeppa-api-1/WEB-INF/classes/com/zeppamobile/api/datamodel/InviteGroup.class" with enhanced definition
10:33:59,039 (main) INFO  [DataNucleus.Enhancer] - Writing class file "/Users/DrunkWithFunk21/Workspace/zeppaworkspace/Zeppa-AppEngine/zeppa-api/target/zeppa-api-1/WEB-INF/classes/com/zeppamobile/api/datamodel/PhotoInfo.class" with enhanced definition
10:33:59,056 (main) INFO  [DataNucleus.Enhancer] - Writing class file "/Users/DrunkWithFunk21/Workspace/zeppaworkspace/Zeppa-AppEngine/zeppa-api/target/zeppa-api-1/WEB-INF/classes/com/zeppamobile/api/datamodel/ZeppaEvent.class" with enhanced definition
10:33:59,071 (main) INFO  [DataNucleus.Enhancer] - Writing class file "/Users/DrunkWithFunk21/Workspace/zeppaworkspace/Zeppa-AppEngine/zeppa-api/target/zeppa-api-1/WEB-INF/classes/com/zeppamobile/api/datamodel/ZeppaEventToUserRelationship.class" with enhanced definition
10:33:59,078 (main) INFO  [DataNucleus.Enhancer] - Writing class file "/Users/DrunkWithFunk21/Workspace/zeppaworkspace/Zeppa-AppEngine/zeppa-api/target/zeppa-api-1/WEB-INF/classes/com/zeppamobile/api/datamodel/ZeppaFeedback.class" with enhanced definition
10:33:59,087 (main) INFO  [DataNucleus.Enhancer] - Writing class file "/Users/DrunkWithFunk21/Workspace/zeppaworkspace/Zeppa-AppEngine/zeppa-api/target/zeppa-api-1/WEB-INF/classes/com/zeppamobile/api/datamodel/ZeppaNotification.class" with enhanced definition
10:33:59,097 (main) INFO  [DataNucleus.Enhancer] - Writing class file "/Users/DrunkWithFunk21/Workspace/zeppaworkspace/Zeppa-AppEngine/zeppa-api/target/zeppa-api-1/WEB-INF/classes/com/zeppamobile/api/datamodel/ZeppaUser.class" with enhanced definition
10:33:59,104 (main) INFO  [DataNucleus.Enhancer] - Writing class file "/Users/DrunkWithFunk21/Workspace/zeppaworkspace/Zeppa-AppEngine/zeppa-api/target/zeppa-api-1/WEB-INF/classes/com/zeppamobile/api/datamodel/ZeppaUserInfo.class" with enhanced definition
10:33:59,112 (main) INFO  [DataNucleus.Enhancer] - Writing class file "/Users/DrunkWithFunk21/Workspace/zeppaworkspace/Zeppa-AppEngine/zeppa-api/target/zeppa-api-1/WEB-INF/classes/com/zeppamobile/api/datamodel/ZeppaUserToUserRelationship.class" with enhanced definition
10:33:59,113 (main) INFO  [DataNucleus.Enhancer] - DataNucleus Enhancer completed with success for 13 classes. Timings : input=752 ms, enhance=209 ms, total=961 ms. Consult the log for full details
17:12:26,094 (main) INFO  [DataNucleus.Enhancer] - DataNucleus Enhancer for API "JDO"
17:12:26,479 (main) INFO  [DataNucleus.Enhancer] - DataNucleus Enhancer (version 3.1.1) : Enhancement of classes
17:12:27,229 (main) INFO  [DataNucleus.Enhancer] - Writing class file "/Users/DrunkWithFunk21/Workspace/zeppaworkspace/Zeppa-AppEngine/zeppa-api/target/zeppa-api-1/WEB-INF/classes/com/zeppamobile/api/datamodel/DeviceInfo.class" with enhanced definition
17:12:27,244 (main) INFO  [DataNucleus.Enhancer] - Writing class file "/Users/DrunkWithFunk21/Workspace/zeppaworkspace/Zeppa-AppEngine/zeppa-api/target/zeppa-api-1/WEB-INF/classes/com/zeppamobile/api/datamodel/EventComment.class" with enhanced definition
17:12:27,258 (main) INFO  [DataNucleus.Enhancer] - Writing class file "/Users/DrunkWithFunk21/Workspace/zeppaworkspace/Zeppa-AppEngine/zeppa-api/target/zeppa-api-1/WEB-INF/classes/com/zeppamobile/api/datamodel/EventTag.class" with enhanced definition
17:12:27,286 (main) INFO  [DataNucleus.Enhancer] - Writing class file "/Users/DrunkWithFunk21/Workspace/zeppaworkspace/Zeppa-AppEngine/zeppa-api/target/zeppa-api-1/WEB-INF/classes/com/zeppamobile/api/datamodel/EventTagFollow.class" with enhanced definition
17:12:27,293 (main) INFO  [DataNucleus.Enhancer] - Writing class file "/Users/DrunkWithFunk21/Workspace/zeppaworkspace/Zeppa-AppEngine/zeppa-api/target/zeppa-api-1/WEB-INF/classes/com/zeppamobile/api/datamodel/InviteGroup.class" with enhanced definition
17:12:27,301 (main) INFO  [DataNucleus.Enhancer] - Writing class file "/Users/DrunkWithFunk21/Workspace/zeppaworkspace/Zeppa-AppEngine/zeppa-api/target/zeppa-api-1/WEB-INF/classes/com/zeppamobile/api/datamodel/PhotoInfo.class" with enhanced definition
17:12:27,322 (main) INFO  [DataNucleus.Enhancer] - Writing class file "/Users/DrunkWithFunk21/Workspace/zeppaworkspace/Zeppa-AppEngine/zeppa-api/target/zeppa-api-1/WEB-INF/classes/com/zeppamobile/api/datamodel/ZeppaEvent.class" with enhanced definition
17:12:27,338 (main) INFO  [DataNucleus.Enhancer] - Writing class file "/Users/DrunkWithFunk21/Workspace/zeppaworkspace/Zeppa-AppEngine/zeppa-api/target/zeppa-api-1/WEB-INF/classes/com/zeppamobile/api/datamodel/ZeppaEventToUserRelationship.class" with enhanced definition
17:12:27,350 (main) INFO  [DataNucleus.Enhancer] - Writing class file "/Users/DrunkWithFunk21/Workspace/zeppaworkspace/Zeppa-AppEngine/zeppa-api/target/zeppa-api-1/WEB-INF/classes/com/zeppamobile/api/datamodel/ZeppaFeedback.class" with enhanced definition
17:12:27,363 (main) INFO  [DataNucleus.Enhancer] - Writing class file "/Users/DrunkWithFunk21/Workspace/zeppaworkspace/Zeppa-AppEngine/zeppa-api/target/zeppa-api-1/WEB-INF/classes/com/zeppamobile/api/datamodel/ZeppaNotification.class" with enhanced definition
17:12:27,378 (main) INFO  [DataNucleus.Enhancer] - Writing class file "/Users/DrunkWithFunk21/Workspace/zeppaworkspace/Zeppa-AppEngine/zeppa-api/target/zeppa-api-1/WEB-INF/classes/com/zeppamobile/api/datamodel/ZeppaUser.class" with enhanced definition
17:12:27,387 (main) INFO  [DataNucleus.Enhancer] - Writing class file "/Users/DrunkWithFunk21/Workspace/zeppaworkspace/Zeppa-AppEngine/zeppa-api/target/zeppa-api-1/WEB-INF/classes/com/zeppamobile/api/datamodel/ZeppaUserInfo.class" with enhanced definition
17:12:27,397 (main) INFO  [DataNucleus.Enhancer] - Writing class file "/Users/DrunkWithFunk21/Workspace/zeppaworkspace/Zeppa-AppEngine/zeppa-api/target/zeppa-api-1/WEB-INF/classes/com/zeppamobile/api/datamodel/ZeppaUserToUserRelationship.class" with enhanced definition
17:12:27,398 (main) INFO  [DataNucleus.Enhancer] - DataNucleus Enhancer completed with success for 13 classes. Timings : input=665 ms, enhance=249 ms, total=914 ms. Consult the log for full details
20:11:20,642 (main) INFO  [DataNucleus.Enhancer] - DataNucleus Enhancer for API "JDO"
20:11:20,988 (main) INFO  [DataNucleus.Enhancer] - DataNucleus Enhancer (version 3.1.1) : Enhancement of classes
20:11:21,712 (main) INFO  [DataNucleus.Enhancer] - Class "com.zeppamobile.api.datamodel.DeviceInfo" is already enhanced.
20:11:21,714 (main) INFO  [DataNucleus.Enhancer] - Class "com.zeppamobile.api.datamodel.EventComment" is already enhanced.
20:11:21,716 (main) INFO  [DataNucleus.Enhancer] - Class "com.zeppamobile.api.datamodel.EventTag" is already enhanced.
20:11:21,718 (main) INFO  [DataNucleus.Enhancer] - Class "com.zeppamobile.api.datamodel.EventTagFollow" is already enhanced.
20:11:21,720 (main) INFO  [DataNucleus.Enhancer] - Class "com.zeppamobile.api.datamodel.InviteGroup" is already enhanced.
20:11:21,722 (main) INFO  [DataNucleus.Enhancer] - Class "com.zeppamobile.api.datamodel.PhotoInfo" is already enhanced.
20:11:21,729 (main) INFO  [DataNucleus.Enhancer] - Class "com.zeppamobile.api.datamodel.ZeppaEvent" is already enhanced.
20:11:21,731 (main) INFO  [DataNucleus.Enhancer] - Class "com.zeppamobile.api.datamodel.ZeppaEventToUserRelationship" is already enhanced.
20:11:21,733 (main) INFO  [DataNucleus.Enhancer] - Class "com.zeppamobile.api.datamodel.ZeppaFeedback" is already enhanced.
20:11:21,735 (main) INFO  [DataNucleus.Enhancer] - Class "com.zeppamobile.api.datamodel.ZeppaNotification" is already enhanced.
20:11:21,738 (main) INFO  [DataNucleus.Enhancer] - Class "com.zeppamobile.api.datamodel.ZeppaUser" is already enhanced.
20:11:21,740 (main) INFO  [DataNucleus.Enhancer] - Class "com.zeppamobile.api.datamodel.ZeppaUserInfo" is already enhanced.
20:11:21,742 (main) INFO  [DataNucleus.Enhancer] - Class "com.zeppamobile.api.datamodel.ZeppaUserToUserRelationship" is already enhanced.
20:11:21,743 (main) INFO  [DataNucleus.Enhancer] - DataNucleus Enhancer completed with success for 13 classes. Timings : input=685 ms, enhance=67 ms, total=752 ms. Consult the log for full details
13:07:08,117 (main) INFO  [DataNucleus.Enhancer] - DataNucleus Enhancer for API "JDO"
13:07:08,507 (main) INFO  [DataNucleus.Enhancer] - DataNucleus Enhancer (version 3.1.1) : Enhancement of classes
13:07:09,296 (main) INFO  [DataNucleus.Enhancer] - Writing class file "/Users/DrunkWithFunk21/Workspace/zeppaworkspace/Zeppa-AppEngine/zeppa-api/target/zeppa-api-1/WEB-INF/classes/com/zeppamobile/api/datamodel/DeviceInfo.class" with enhanced definition
13:07:09,315 (main) INFO  [DataNucleus.Enhancer] - Writing class file "/Users/DrunkWithFunk21/Workspace/zeppaworkspace/Zeppa-AppEngine/zeppa-api/target/zeppa-api-1/WEB-INF/classes/com/zeppamobile/api/datamodel/EventComment.class" with enhanced definition
13:07:09,325 (main) INFO  [DataNucleus.Enhancer] - Writing class file "/Users/DrunkWithFunk21/Workspace/zeppaworkspace/Zeppa-AppEngine/zeppa-api/target/zeppa-api-1/WEB-INF/classes/com/zeppamobile/api/datamodel/EventTag.class" with enhanced definition
13:07:09,334 (main) INFO  [DataNucleus.Enhancer] - Writing class file "/Users/DrunkWithFunk21/Workspace/zeppaworkspace/Zeppa-AppEngine/zeppa-api/target/zeppa-api-1/WEB-INF/classes/com/zeppamobile/api/datamodel/EventTagFollow.class" with enhanced definition
13:07:09,344 (main) INFO  [DataNucleus.Enhancer] - Writing class file "/Users/DrunkWithFunk21/Workspace/zeppaworkspace/Zeppa-AppEngine/zeppa-api/target/zeppa-api-1/WEB-INF/classes/com/zeppamobile/api/datamodel/InviteGroup.class" with enhanced definition
13:07:09,352 (main) INFO  [DataNucleus.Enhancer] - Writing class file "/Users/DrunkWithFunk21/Workspace/zeppaworkspace/Zeppa-AppEngine/zeppa-api/target/zeppa-api-1/WEB-INF/classes/com/zeppamobile/api/datamodel/PhotoInfo.class" with enhanced definition
13:07:09,369 (main) INFO  [DataNucleus.Enhancer] - Writing class file "/Users/DrunkWithFunk21/Workspace/zeppaworkspace/Zeppa-AppEngine/zeppa-api/target/zeppa-api-1/WEB-INF/classes/com/zeppamobile/api/datamodel/ZeppaEvent.class" with enhanced definition
13:07:09,385 (main) INFO  [DataNucleus.Enhancer] - Writing class file "/Users/DrunkWithFunk21/Workspace/zeppaworkspace/Zeppa-AppEngine/zeppa-api/target/zeppa-api-1/WEB-INF/classes/com/zeppamobile/api/datamodel/ZeppaEventToUserRelationship.class" with enhanced definition
13:07:09,393 (main) INFO  [DataNucleus.Enhancer] - Writing class file "/Users/DrunkWithFunk21/Workspace/zeppaworkspace/Zeppa-AppEngine/zeppa-api/target/zeppa-api-1/WEB-INF/classes/com/zeppamobile/api/datamodel/ZeppaFeedback.class" with enhanced definition
13:07:09,403 (main) INFO  [DataNucleus.Enhancer] - Writing class file "/Users/DrunkWithFunk21/Workspace/zeppaworkspace/Zeppa-AppEngine/zeppa-api/target/zeppa-api-1/WEB-INF/classes/com/zeppamobile/api/datamodel/ZeppaNotification.class" with enhanced definition
13:07:09,413 (main) INFO  [DataNucleus.Enhancer] - Writing class file "/Users/DrunkWithFunk21/Workspace/zeppaworkspace/Zeppa-AppEngine/zeppa-api/target/zeppa-api-1/WEB-INF/classes/com/zeppamobile/api/datamodel/ZeppaUser.class" with enhanced definition
13:07:09,419 (main) INFO  [DataNucleus.Enhancer] - Writing class file "/Users/DrunkWithFunk21/Workspace/zeppaworkspace/Zeppa-AppEngine/zeppa-api/target/zeppa-api-1/WEB-INF/classes/com/zeppamobile/api/datamodel/ZeppaUserInfo.class" with enhanced definition
13:07:09,429 (main) INFO  [DataNucleus.Enhancer] - Writing class file "/Users/DrunkWithFunk21/Workspace/zeppaworkspace/Zeppa-AppEngine/zeppa-api/target/zeppa-api-1/WEB-INF/classes/com/zeppamobile/api/datamodel/ZeppaUserToUserRelationship.class" with enhanced definition
13:07:09,429 (main) INFO  [DataNucleus.Enhancer] - DataNucleus Enhancer completed with success for 13 classes. Timings : input=718 ms, enhance=202 ms, total=920 ms. Consult the log for full details
22:01:14,627 (main) INFO  [DataNucleus.Enhancer] - DataNucleus Enhancer for API "JDO"
22:01:14,931 (main) INFO  [DataNucleus.Enhancer] - DataNucleus Enhancer (version 3.1.1) : Enhancement of classes
22:01:15,689 (main) INFO  [DataNucleus.Enhancer] - Writing class file "/Users/DrunkWithFunk21/Workspace/zeppaworkspace/Zeppa-AppEngine/zeppa-api/target/zeppa-api-1/WEB-INF/classes/com/zeppamobile/api/datamodel/DeviceInfo.class" with enhanced definition
22:01:15,703 (main) INFO  [DataNucleus.Enhancer] - Writing class file "/Users/DrunkWithFunk21/Workspace/zeppaworkspace/Zeppa-AppEngine/zeppa-api/target/zeppa-api-1/WEB-INF/classes/com/zeppamobile/api/datamodel/EventComment.class" with enhanced definition
22:01:15,728 (main) INFO  [DataNucleus.Enhancer] - Writing class file "/Users/DrunkWithFunk21/Workspace/zeppaworkspace/Zeppa-AppEngine/zeppa-api/target/zeppa-api-1/WEB-INF/classes/com/zeppamobile/api/datamodel/EventTag.class" with enhanced definition
22:01:15,741 (main) INFO  [DataNucleus.Enhancer] - Writing class file "/Users/DrunkWithFunk21/Workspace/zeppaworkspace/Zeppa-AppEngine/zeppa-api/target/zeppa-api-1/WEB-INF/classes/com/zeppamobile/api/datamodel/EventTagFollow.class" with enhanced definition
22:01:15,749 (main) INFO  [DataNucleus.Enhancer] - Writing class file "/Users/DrunkWithFunk21/Workspace/zeppaworkspace/Zeppa-AppEngine/zeppa-api/target/zeppa-api-1/WEB-INF/classes/com/zeppamobile/api/datamodel/InviteGroup.class" with enhanced definition
22:01:15,756 (main) INFO  [DataNucleus.Enhancer] - Writing class file "/Users/DrunkWithFunk21/Workspace/zeppaworkspace/Zeppa-AppEngine/zeppa-api/target/zeppa-api-1/WEB-INF/classes/com/zeppamobile/api/datamodel/PhotoInfo.class" with enhanced definition
22:01:15,773 (main) INFO  [DataNucleus.Enhancer] - Writing class file "/Users/DrunkWithFunk21/Workspace/zeppaworkspace/Zeppa-AppEngine/zeppa-api/target/zeppa-api-1/WEB-INF/classes/com/zeppamobile/api/datamodel/ZeppaEvent.class" with enhanced definition
22:01:15,789 (main) INFO  [DataNucleus.Enhancer] - Writing class file "/Users/DrunkWithFunk21/Workspace/zeppaworkspace/Zeppa-AppEngine/zeppa-api/target/zeppa-api-1/WEB-INF/classes/com/zeppamobile/api/datamodel/ZeppaEventToUserRelationship.class" with enhanced definition
22:01:15,798 (main) INFO  [DataNucleus.Enhancer] - Writing class file "/Users/DrunkWithFunk21/Workspace/zeppaworkspace/Zeppa-AppEngine/zeppa-api/target/zeppa-api-1/WEB-INF/classes/com/zeppamobile/api/datamodel/ZeppaFeedback.class" with enhanced definition
22:01:15,809 (main) INFO  [DataNucleus.Enhancer] - Writing class file "/Users/DrunkWithFunk21/Workspace/zeppaworkspace/Zeppa-AppEngine/zeppa-api/target/zeppa-api-1/WEB-INF/classes/com/zeppamobile/api/datamodel/ZeppaNotification.class" with enhanced definition
22:01:15,820 (main) INFO  [DataNucleus.Enhancer] - Writing class file "/Users/DrunkWithFunk21/Workspace/zeppaworkspace/Zeppa-AppEngine/zeppa-api/target/zeppa-api-1/WEB-INF/classes/com/zeppamobile/api/datamodel/ZeppaUser.class" with enhanced definition
22:01:15,828 (main) INFO  [DataNucleus.Enhancer] - Writing class file "/Users/DrunkWithFunk21/Workspace/zeppaworkspace/Zeppa-AppEngine/zeppa-api/target/zeppa-api-1/WEB-INF/classes/com/zeppamobile/api/datamodel/ZeppaUserInfo.class" with enhanced definition
22:01:15,835 (main) INFO  [DataNucleus.Enhancer] - Writing class file "/Users/DrunkWithFunk21/Workspace/zeppaworkspace/Zeppa-AppEngine/zeppa-api/target/zeppa-api-1/WEB-INF/classes/com/zeppamobile/api/datamodel/ZeppaUserToUserRelationship.class" with enhanced definition
22:01:15,839 (main) INFO  [DataNucleus.Enhancer] - DataNucleus Enhancer completed with success for 13 classes. Timings : input=671 ms, enhance=229 ms, total=900 ms. Consult the log for full details
22:31:37,941 (main) INFO  [DataNucleus.Enhancer] - DataNucleus Enhancer for API "JDO"
22:31:38,379 (main) INFO  [DataNucleus.Enhancer] - DataNucleus Enhancer (version 3.1.1) : Enhancement of classes
22:31:39,206 (main) INFO  [DataNucleus.Enhancer] - Class "com.zeppamobile.api.datamodel.DeviceInfo" is already enhanced.
22:31:39,208 (main) INFO  [DataNucleus.Enhancer] - Class "com.zeppamobile.api.datamodel.EventComment" is already enhanced.
22:31:39,210 (main) INFO  [DataNucleus.Enhancer] - Class "com.zeppamobile.api.datamodel.EventTag" is already enhanced.
22:31:39,212 (main) INFO  [DataNucleus.Enhancer] - Class "com.zeppamobile.api.datamodel.EventTagFollow" is already enhanced.
22:31:39,213 (main) INFO  [DataNucleus.Enhancer] - Class "com.zeppamobile.api.datamodel.InviteGroup" is already enhanced.
22:31:39,214 (main) INFO  [DataNucleus.Enhancer] - Class "com.zeppamobile.api.datamodel.PhotoInfo" is already enhanced.
22:31:39,216 (main) INFO  [DataNucleus.Enhancer] - Class "com.zeppamobile.api.datamodel.ZeppaEvent" is already enhanced.
22:31:39,217 (main) INFO  [DataNucleus.Enhancer] - Class "com.zeppamobile.api.datamodel.ZeppaEventToUserRelationship" is already enhanced.
22:31:39,219 (main) INFO  [DataNucleus.Enhancer] - Class "com.zeppamobile.api.datamodel.ZeppaFeedback" is already enhanced.
22:31:39,220 (main) INFO  [DataNucleus.Enhancer] - Class "com.zeppamobile.api.datamodel.ZeppaNotification" is already enhanced.
22:31:39,222 (main) INFO  [DataNucleus.Enhancer] - Class "com.zeppamobile.api.datamodel.ZeppaUser" is already enhanced.
22:31:39,224 (main) INFO  [DataNucleus.Enhancer] - Class "com.zeppamobile.api.datamodel.ZeppaUserInfo" is already enhanced.
22:31:39,226 (main) INFO  [DataNucleus.Enhancer] - Class "com.zeppamobile.api.datamodel.ZeppaUserToUserRelationship" is already enhanced.
22:31:39,227 (main) INFO  [DataNucleus.Enhancer] - DataNucleus Enhancer completed with success for 13 classes. Timings : input=788 ms, enhance=57 ms, total=845 ms. Consult the log for full details
22:39:29,471 (main) INFO  [DataNucleus.Enhancer] - DataNucleus Enhancer for API "JDO"
22:39:29,799 (main) INFO  [DataNucleus.Enhancer] - DataNucleus Enhancer (version 3.1.1) : Enhancement of classes
22:39:30,504 (main) INFO  [DataNucleus.Enhancer] - Class "com.zeppamobile.api.datamodel.DeviceInfo" is already enhanced.
22:39:30,506 (main) INFO  [DataNucleus.Enhancer] - Class "com.zeppamobile.api.datamodel.EventComment" is already enhanced.
22:39:30,507 (main) INFO  [DataNucleus.Enhancer] - Class "com.zeppamobile.api.datamodel.EventTag" is already enhanced.
22:39:30,509 (main) INFO  [DataNucleus.Enhancer] - Class "com.zeppamobile.api.datamodel.EventTagFollow" is already enhanced.
22:39:30,510 (main) INFO  [DataNucleus.Enhancer] - Class "com.zeppamobile.api.datamodel.InviteGroup" is already enhanced.
22:39:30,512 (main) INFO  [DataNucleus.Enhancer] - Class "com.zeppamobile.api.datamodel.PhotoInfo" is already enhanced.
22:39:30,519 (main) INFO  [DataNucleus.Enhancer] - Class "com.zeppamobile.api.datamodel.ZeppaEvent" is already enhanced.
22:39:30,521 (main) INFO  [DataNucleus.Enhancer] - Class "com.zeppamobile.api.datamodel.ZeppaEventToUserRelationship" is already enhanced.
22:39:30,523 (main) INFO  [DataNucleus.Enhancer] - Class "com.zeppamobile.api.datamodel.ZeppaFeedback" is already enhanced.
22:39:30,525 (main) INFO  [DataNucleus.Enhancer] - Class "com.zeppamobile.api.datamodel.ZeppaNotification" is already enhanced.
22:39:30,533 (main) INFO  [DataNucleus.Enhancer] - Class "com.zeppamobile.api.datamodel.ZeppaUser" is already enhanced.
22:39:30,534 (main) INFO  [DataNucleus.Enhancer] - Class "com.zeppamobile.api.datamodel.ZeppaUserInfo" is already enhanced.
22:39:30,536 (main) INFO  [DataNucleus.Enhancer] - Class "com.zeppamobile.api.datamodel.ZeppaUserToUserRelationship" is already enhanced.
22:39:30,536 (main) INFO  [DataNucleus.Enhancer] - DataNucleus Enhancer completed with success for 13 classes. Timings : input=673 ms, enhance=60 ms, total=733 ms. Consult the log for full details
22:40:27,240 (main) INFO  [DataNucleus.Enhancer] - DataNucleus Enhancer for API "JDO"
22:40:27,583 (main) INFO  [DataNucleus.Enhancer] - DataNucleus Enhancer (version 3.1.1) : Enhancement of classes
22:40:28,387 (main) INFO  [DataNucleus.Enhancer] - Class "com.zeppamobile.api.datamodel.DeviceInfo" is already enhanced.
22:40:28,389 (main) INFO  [DataNucleus.Enhancer] - Class "com.zeppamobile.api.datamodel.EventComment" is already enhanced.
22:40:28,391 (main) INFO  [DataNucleus.Enhancer] - Class "com.zeppamobile.api.datamodel.EventTag" is already enhanced.
22:40:28,393 (main) INFO  [DataNucleus.Enhancer] - Class "com.zeppamobile.api.datamodel.EventTagFollow" is already enhanced.
22:40:28,394 (main) INFO  [DataNucleus.Enhancer] - Class "com.zeppamobile.api.datamodel.InviteGroup" is already enhanced.
22:40:28,396 (main) INFO  [DataNucleus.Enhancer] - Class "com.zeppamobile.api.datamodel.PhotoInfo" is already enhanced.
22:40:28,399 (main) INFO  [DataNucleus.Enhancer] - Class "com.zeppamobile.api.datamodel.ZeppaEvent" is already enhanced.
22:40:28,400 (main) INFO  [DataNucleus.Enhancer] - Class "com.zeppamobile.api.datamodel.ZeppaEventToUserRelationship" is already enhanced.
22:40:28,402 (main) INFO  [DataNucleus.Enhancer] - Class "com.zeppamobile.api.datamodel.ZeppaFeedback" is already enhanced.
22:40:28,404 (main) INFO  [DataNucleus.Enhancer] - Class "com.zeppamobile.api.datamodel.ZeppaNotification" is already enhanced.
22:40:28,405 (main) INFO  [DataNucleus.Enhancer] - Class "com.zeppamobile.api.datamodel.ZeppaUser" is already enhanced.
22:40:28,407 (main) INFO  [DataNucleus.Enhancer] - Class "com.zeppamobile.api.datamodel.ZeppaUserInfo" is already enhanced.
22:40:28,410 (main) INFO  [DataNucleus.Enhancer] - Class "com.zeppamobile.api.datamodel.ZeppaUserToUserRelationship" is already enhanced.
22:40:28,410 (main) INFO  [DataNucleus.Enhancer] - DataNucleus Enhancer completed with success for 13 classes. Timings : input=756 ms, enhance=67 ms, total=823 ms. Consult the log for full details
23:14:48,727 (main) INFO  [DataNucleus.Enhancer] - DataNucleus Enhancer for API "JDO"
23:14:49,142 (main) INFO  [DataNucleus.Enhancer] - DataNucleus Enhancer (version 3.1.1) : Enhancement of classes
23:14:49,946 (main) INFO  [DataNucleus.Enhancer] - Class "com.zeppamobile.api.datamodel.DeviceInfo" is already enhanced.
23:14:49,948 (main) INFO  [DataNucleus.Enhancer] - Class "com.zeppamobile.api.datamodel.EventComment" is already enhanced.
23:14:49,951 (main) INFO  [DataNucleus.Enhancer] - Class "com.zeppamobile.api.datamodel.EventTag" is already enhanced.
23:14:49,953 (main) INFO  [DataNucleus.Enhancer] - Class "com.zeppamobile.api.datamodel.EventTagFollow" is already enhanced.
23:14:49,954 (main) INFO  [DataNucleus.Enhancer] - Class "com.zeppamobile.api.datamodel.InviteGroup" is already enhanced.
23:14:49,956 (main) INFO  [DataNucleus.Enhancer] - Class "com.zeppamobile.api.datamodel.PhotoInfo" is already enhanced.
23:14:49,957 (main) INFO  [DataNucleus.Enhancer] - Class "com.zeppamobile.api.datamodel.ZeppaEvent" is already enhanced.
23:14:49,959 (main) INFO  [DataNucleus.Enhancer] - Class "com.zeppamobile.api.datamodel.ZeppaEventToUserRelationship" is already enhanced.
23:14:49,961 (main) INFO  [DataNucleus.Enhancer] - Class "com.zeppamobile.api.datamodel.ZeppaFeedback" is already enhanced.
23:14:49,965 (main) INFO  [DataNucleus.Enhancer] - Class "com.zeppamobile.api.datamodel.ZeppaNotification" is already enhanced.
23:14:49,972 (main) INFO  [DataNucleus.Enhancer] - Class "com.zeppamobile.api.datamodel.ZeppaUser" is already enhanced.
23:14:49,973 (main) INFO  [DataNucleus.Enhancer] - Class "com.zeppamobile.api.datamodel.ZeppaUserInfo" is already enhanced.
23:14:49,975 (main) INFO  [DataNucleus.Enhancer] - Class "com.zeppamobile.api.datamodel.ZeppaUserToUserRelationship" is already enhanced.
23:14:49,976 (main) INFO  [DataNucleus.Enhancer] - DataNucleus Enhancer completed with success for 13 classes. Timings : input=758 ms, enhance=71 ms, total=829 ms. Consult the log for full details
18:56:24,945 (main) INFO  [DataNucleus.Enhancer] - DataNucleus Enhancer for API "JDO"
18:56:25,278 (main) INFO  [DataNucleus.Enhancer] - DataNucleus Enhancer (version 3.1.1) : Enhancement of classes
18:56:26,007 (main) INFO  [DataNucleus.Enhancer] - Class "com.zeppamobile.api.datamodel.DeviceInfo" is already enhanced.
18:56:26,010 (main) INFO  [DataNucleus.Enhancer] - Class "com.zeppamobile.api.datamodel.EventComment" is already enhanced.
18:56:26,011 (main) INFO  [DataNucleus.Enhancer] - Class "com.zeppamobile.api.datamodel.EventTag" is already enhanced.
18:56:26,012 (main) INFO  [DataNucleus.Enhancer] - Class "com.zeppamobile.api.datamodel.EventTagFollow" is already enhanced.
18:56:26,014 (main) INFO  [DataNucleus.Enhancer] - Class "com.zeppamobile.api.datamodel.InviteGroup" is already enhanced.
18:56:26,015 (main) INFO  [DataNucleus.Enhancer] - Class "com.zeppamobile.api.datamodel.PhotoInfo" is already enhanced.
18:56:26,017 (main) INFO  [DataNucleus.Enhancer] - Class "com.zeppamobile.api.datamodel.ZeppaEvent" is already enhanced.
18:56:26,018 (main) INFO  [DataNucleus.Enhancer] - Class "com.zeppamobile.api.datamodel.ZeppaEventToUserRelationship" is already enhanced.
18:56:26,020 (main) INFO  [DataNucleus.Enhancer] - Class "com.zeppamobile.api.datamodel.ZeppaFeedback" is already enhanced.
18:56:26,023 (main) INFO  [DataNucleus.Enhancer] - Class "com.zeppamobile.api.datamodel.ZeppaNotification" is already enhanced.
18:56:26,025 (main) INFO  [DataNucleus.Enhancer] - Class "com.zeppamobile.api.datamodel.ZeppaUser" is already enhanced.
18:56:26,027 (main) INFO  [DataNucleus.Enhancer] - Class "com.zeppamobile.api.datamodel.ZeppaUserInfo" is already enhanced.
18:56:26,030 (main) INFO  [DataNucleus.Enhancer] - Class "com.zeppamobile.api.datamodel.ZeppaUserToUserRelationship" is already enhanced.
18:56:26,031 (main) INFO  [DataNucleus.Enhancer] - DataNucleus Enhancer completed with success for 13 classes. Timings : input=692 ms, enhance=58 ms, total=750 ms. Consult the log for full details

23:09:44,052 (main) INFO  [DataNucleus.Enhancer] - DataNucleus Enhancer for API "JDO"
23:09:44,448 (main) INFO  [DataNucleus.Enhancer] - DataNucleus Enhancer (version 3.1.1) : Enhancement of classes
23:09:45,267 (main) INFO  [DataNucleus.Enhancer] - Writing class file "/Users/DrunkWithFunk21/Workspace/zeppaworkspace/Zeppa-AppEngine/zeppa-api/target/zeppa-api-1/WEB-INF/classes/com/zeppamobile/api/datamodel/DeviceInfo.class" with enhanced definition
23:09:45,277 (main) INFO  [DataNucleus.Enhancer] - Writing class file "/Users/DrunkWithFunk21/Workspace/zeppaworkspace/Zeppa-AppEngine/zeppa-api/target/zeppa-api-1/WEB-INF/classes/com/zeppamobile/api/datamodel/EventComment.class" with enhanced definition
23:09:45,293 (main) INFO  [DataNucleus.Enhancer] - Writing class file "/Users/DrunkWithFunk21/Workspace/zeppaworkspace/Zeppa-AppEngine/zeppa-api/target/zeppa-api-1/WEB-INF/classes/com/zeppamobile/api/datamodel/EventTag.class" with enhanced definition
23:09:45,305 (main) INFO  [DataNucleus.Enhancer] - Writing class file "/Users/DrunkWithFunk21/Workspace/zeppaworkspace/Zeppa-AppEngine/zeppa-api/target/zeppa-api-1/WEB-INF/classes/com/zeppamobile/api/datamodel/EventTagFollow.class" with enhanced definition
23:09:45,313 (main) INFO  [DataNucleus.Enhancer] - Writing class file "/Users/DrunkWithFunk21/Workspace/zeppaworkspace/Zeppa-AppEngine/zeppa-api/target/zeppa-api-1/WEB-INF/classes/com/zeppamobile/api/datamodel/InviteGroup.class" with enhanced definition
23:09:45,319 (main) INFO  [DataNucleus.Enhancer] - Writing class file "/Users/DrunkWithFunk21/Workspace/zeppaworkspace/Zeppa-AppEngine/zeppa-api/target/zeppa-api-1/WEB-INF/classes/com/zeppamobile/api/datamodel/PhotoInfo.class" with enhanced definition
23:09:45,337 (main) INFO  [DataNucleus.Enhancer] - Writing class file "/Users/DrunkWithFunk21/Workspace/zeppaworkspace/Zeppa-AppEngine/zeppa-api/target/zeppa-api-1/WEB-INF/classes/com/zeppamobile/api/datamodel/ZeppaEvent.class" with enhanced definition
23:09:45,347 (main) INFO  [DataNucleus.Enhancer] - Writing class file "/Users/DrunkWithFunk21/Workspace/zeppaworkspace/Zeppa-AppEngine/zeppa-api/target/zeppa-api-1/WEB-INF/classes/com/zeppamobile/api/datamodel/ZeppaEventToUserRelationship.class" with enhanced definition
23:09:45,358 (main) INFO  [DataNucleus.Enhancer] - Writing class file "/Users/DrunkWithFunk21/Workspace/zeppaworkspace/Zeppa-AppEngine/zeppa-api/target/zeppa-api-1/WEB-INF/classes/com/zeppamobile/api/datamodel/ZeppaFeedback.class" with enhanced definition
23:09:45,369 (main) INFO  [DataNucleus.Enhancer] - Writing class file "/Users/DrunkWithFunk21/Workspace/zeppaworkspace/Zeppa-AppEngine/zeppa-api/target/zeppa-api-1/WEB-INF/classes/com/zeppamobile/api/datamodel/ZeppaNotification.class" with enhanced definition
23:09:45,383 (main) INFO  [DataNucleus.Enhancer] - Writing class file "/Users/DrunkWithFunk21/Workspace/zeppaworkspace/Zeppa-AppEngine/zeppa-api/target/zeppa-api-1/WEB-INF/classes/com/zeppamobile/api/datamodel/ZeppaUser.class" with enhanced definition
23:09:45,390 (main) INFO  [DataNucleus.Enhancer] - Writing class file "/Users/DrunkWithFunk21/Workspace/zeppaworkspace/Zeppa-AppEngine/zeppa-api/target/zeppa-api-1/WEB-INF/classes/com/zeppamobile/api/datamodel/ZeppaUserInfo.class" with enhanced definition
23:09:45,401 (main) INFO  [DataNucleus.Enhancer] - Writing class file "/Users/DrunkWithFunk21/Workspace/zeppaworkspace/Zeppa-AppEngine/zeppa-api/target/zeppa-api-1/WEB-INF/classes/com/zeppamobile/api/datamodel/ZeppaUserToUserRelationship.class" with enhanced definition
23:09:45,402 (main) INFO  [DataNucleus.Enhancer] - DataNucleus Enhancer completed with success for 13 classes. Timings : input=738 ms, enhance=214 ms, total=952 ms. Consult the log for full details
23:29:47,557 (main) INFO  [DataNucleus.Enhancer] - DataNucleus Enhancer for API "JDO"
23:29:47,935 (main) INFO  [DataNucleus.Enhancer] - DataNucleus Enhancer (version 3.1.1) : Enhancement of classes
23:29:48,721 (main) INFO  [DataNucleus.Enhancer] - Writing class file "/Users/DrunkWithFunk21/Workspace/zeppaworkspace/Zeppa-AppEngine/zeppa-api/target/zeppa-api-1/WEB-INF/classes/com/zeppamobile/api/datamodel/DeviceInfo.class" with enhanced definition
23:29:48,740 (main) INFO  [DataNucleus.Enhancer] - Writing class file "/Users/DrunkWithFunk21/Workspace/zeppaworkspace/Zeppa-AppEngine/zeppa-api/target/zeppa-api-1/WEB-INF/classes/com/zeppamobile/api/datamodel/EventComment.class" with enhanced definition
23:29:48,754 (main) INFO  [DataNucleus.Enhancer] - Writing class file "/Users/DrunkWithFunk21/Workspace/zeppaworkspace/Zeppa-AppEngine/zeppa-api/target/zeppa-api-1/WEB-INF/classes/com/zeppamobile/api/datamodel/EventTag.class" with enhanced definition
23:29:48,769 (main) INFO  [DataNucleus.Enhancer] - Writing class file "/Users/DrunkWithFunk21/Workspace/zeppaworkspace/Zeppa-AppEngine/zeppa-api/target/zeppa-api-1/WEB-INF/classes/com/zeppamobile/api/datamodel/EventTagFollow.class" with enhanced definition
23:29:48,778 (main) INFO  [DataNucleus.Enhancer] - Writing class file "/Users/DrunkWithFunk21/Workspace/zeppaworkspace/Zeppa-AppEngine/zeppa-api/target/zeppa-api-1/WEB-INF/classes/com/zeppamobile/api/datamodel/InviteGroup.class" with enhanced definition
23:29:48,786 (main) INFO  [DataNucleus.Enhancer] - Writing class file "/Users/DrunkWithFunk21/Workspace/zeppaworkspace/Zeppa-AppEngine/zeppa-api/target/zeppa-api-1/WEB-INF/classes/com/zeppamobile/api/datamodel/PhotoInfo.class" with enhanced definition
23:29:48,810 (main) INFO  [DataNucleus.Enhancer] - Writing class file "/Users/DrunkWithFunk21/Workspace/zeppaworkspace/Zeppa-AppEngine/zeppa-api/target/zeppa-api-1/WEB-INF/classes/com/zeppamobile/api/datamodel/ZeppaEvent.class" with enhanced definition
23:29:48,826 (main) INFO  [DataNucleus.Enhancer] - Writing class file "/Users/DrunkWithFunk21/Workspace/zeppaworkspace/Zeppa-AppEngine/zeppa-api/target/zeppa-api-1/WEB-INF/classes/com/zeppamobile/api/datamodel/ZeppaEventToUserRelationship.class" with enhanced definition
23:29:48,836 (main) INFO  [DataNucleus.Enhancer] - Writing class file "/Users/DrunkWithFunk21/Workspace/zeppaworkspace/Zeppa-AppEngine/zeppa-api/target/zeppa-api-1/WEB-INF/classes/com/zeppamobile/api/datamodel/ZeppaFeedback.class" with enhanced definition
23:29:48,848 (main) INFO  [DataNucleus.Enhancer] - Writing class file "/Users/DrunkWithFunk21/Workspace/zeppaworkspace/Zeppa-AppEngine/zeppa-api/target/zeppa-api-1/WEB-INF/classes/com/zeppamobile/api/datamodel/ZeppaNotification.class" with enhanced definition
23:29:48,862 (main) INFO  [DataNucleus.Enhancer] - Writing class file "/Users/DrunkWithFunk21/Workspace/zeppaworkspace/Zeppa-AppEngine/zeppa-api/target/zeppa-api-1/WEB-INF/classes/com/zeppamobile/api/datamodel/ZeppaUser.class" with enhanced definition
23:29:48,871 (main) INFO  [DataNucleus.Enhancer] - Writing class file "/Users/DrunkWithFunk21/Workspace/zeppaworkspace/Zeppa-AppEngine/zeppa-api/target/zeppa-api-1/WEB-INF/classes/com/zeppamobile/api/datamodel/ZeppaUserInfo.class" with enhanced definition
23:29:48,879 (main) INFO  [DataNucleus.Enhancer] - Writing class file "/Users/DrunkWithFunk21/Workspace/zeppaworkspace/Zeppa-AppEngine/zeppa-api/target/zeppa-api-1/WEB-INF/classes/com/zeppamobile/api/datamodel/ZeppaUserToUserRelationship.class" with enhanced definition
23:29:48,880 (main) INFO  [DataNucleus.Enhancer] - DataNucleus Enhancer completed with success for 13 classes. Timings : input=692 ms, enhance=250 ms, total=942 ms. Consult the log for full details
07:06:39,089 (main) INFO  [DataNucleus.Enhancer] - DataNucleus Enhancer for API "JDO"
07:06:39,457 (main) INFO  [DataNucleus.Enhancer] - DataNucleus Enhancer (version 3.1.1) : Enhancement of classes
07:06:40,149 (main) INFO  [DataNucleus.Enhancer] - Writing class file "/Users/DrunkWithFunk21/Workspace/zeppaworkspace/Zeppa-AppEngine/zeppa-api/target/zeppa-api-1/WEB-INF/classes/com/zeppamobile/api/datamodel/DeviceInfo.class" with enhanced definition
07:06:40,162 (main) INFO  [DataNucleus.Enhancer] - Writing class file "/Users/DrunkWithFunk21/Workspace/zeppaworkspace/Zeppa-AppEngine/zeppa-api/target/zeppa-api-1/WEB-INF/classes/com/zeppamobile/api/datamodel/EventComment.class" with enhanced definition
07:06:40,175 (main) INFO  [DataNucleus.Enhancer] - Writing class file "/Users/DrunkWithFunk21/Workspace/zeppaworkspace/Zeppa-AppEngine/zeppa-api/target/zeppa-api-1/WEB-INF/classes/com/zeppamobile/api/datamodel/EventTag.class" with enhanced definition
07:06:40,189 (main) INFO  [DataNucleus.Enhancer] - Writing class file "/Users/DrunkWithFunk21/Workspace/zeppaworkspace/Zeppa-AppEngine/zeppa-api/target/zeppa-api-1/WEB-INF/classes/com/zeppamobile/api/datamodel/EventTagFollow.class" with enhanced definition
07:06:40,197 (main) INFO  [DataNucleus.Enhancer] - Writing class file "/Users/DrunkWithFunk21/Workspace/zeppaworkspace/Zeppa-AppEngine/zeppa-api/target/zeppa-api-1/WEB-INF/classes/com/zeppamobile/api/datamodel/InviteGroup.class" with enhanced definition
07:06:40,206 (main) INFO  [DataNucleus.Enhancer] - Writing class file "/Users/DrunkWithFunk21/Workspace/zeppaworkspace/Zeppa-AppEngine/zeppa-api/target/zeppa-api-1/WEB-INF/classes/com/zeppamobile/api/datamodel/PhotoInfo.class" with enhanced definition
07:06:40,229 (main) INFO  [DataNucleus.Enhancer] - Writing class file "/Users/DrunkWithFunk21/Workspace/zeppaworkspace/Zeppa-AppEngine/zeppa-api/target/zeppa-api-1/WEB-INF/classes/com/zeppamobile/api/datamodel/ZeppaEvent.class" with enhanced definition
07:06:40,243 (main) INFO  [DataNucleus.Enhancer] - Writing class file "/Users/DrunkWithFunk21/Workspace/zeppaworkspace/Zeppa-AppEngine/zeppa-api/target/zeppa-api-1/WEB-INF/classes/com/zeppamobile/api/datamodel/ZeppaEventToUserRelationship.class" with enhanced definition
07:06:40,252 (main) INFO  [DataNucleus.Enhancer] - Writing class file "/Users/DrunkWithFunk21/Workspace/zeppaworkspace/Zeppa-AppEngine/zeppa-api/target/zeppa-api-1/WEB-INF/classes/com/zeppamobile/api/datamodel/ZeppaFeedback.class" with enhanced definition
07:06:40,264 (main) INFO  [DataNucleus.Enhancer] - Writing class file "/Users/DrunkWithFunk21/Workspace/zeppaworkspace/Zeppa-AppEngine/zeppa-api/target/zeppa-api-1/WEB-INF/classes/com/zeppamobile/api/datamodel/ZeppaNotification.class" with enhanced definition
07:06:40,277 (main) INFO  [DataNucleus.Enhancer] - Writing class file "/Users/DrunkWithFunk21/Workspace/zeppaworkspace/Zeppa-AppEngine/zeppa-api/target/zeppa-api-1/WEB-INF/classes/com/zeppamobile/api/datamodel/ZeppaUser.class" with enhanced definition
07:06:40,285 (main) INFO  [DataNucleus.Enhancer] - Writing class file "/Users/DrunkWithFunk21/Workspace/zeppaworkspace/Zeppa-AppEngine/zeppa-api/target/zeppa-api-1/WEB-INF/classes/com/zeppamobile/api/datamodel/ZeppaUserInfo.class" with enhanced definition
07:06:40,304 (main) INFO  [DataNucleus.Enhancer] - Writing class file "/Users/DrunkWithFunk21/Workspace/zeppaworkspace/Zeppa-AppEngine/zeppa-api/target/zeppa-api-1/WEB-INF/classes/com/zeppamobile/api/datamodel/ZeppaUserToUserRelationship.class" with enhanced definition
07:06:40,305 (main) INFO  [DataNucleus.Enhancer] - DataNucleus Enhancer completed with success for 13 classes. Timings : input=625 ms, enhance=220 ms, total=845 ms. Consult the log for full details
