17:45:08,334 (main) INFO  [DataNucleus.Enhancer] - DataNucleus Enhancer for API "JDO"
17:45:08,617 (main) INFO  [DataNucleus.Enhancer] - DataNucleus Enhancer (version 3.1.1) : Enhancement of classes
17:45:09,229 (main) INFO  [DataNucleus.Enhancer] - Writing class file "/Users/PSchuette/Workspace/Eclipse/zeppaworkspace/Zeppa-AppEngine/zeppa-api/target/zeppa-api-1/WEB-INF/classes/com/zeppamobile/api/datamodel/Address.class" with enhanced definition
17:45:09,235 (main) INFO  [DataNucleus.Enhancer] - Writing class file "/Users/PSchuette/Workspace/Eclipse/zeppaworkspace/Zeppa-AppEngine/zeppa-api/target/zeppa-api-1/WEB-INF/classes/com/zeppamobile/api/datamodel/Bill.class" with enhanced definition
17:45:09,243 (main) INFO  [DataNucleus.Enhancer] - Writing class file "/Users/PSchuette/Workspace/Eclipse/zeppaworkspace/Zeppa-AppEngine/zeppa-api/target/zeppa-api-1/WEB-INF/classes/com/zeppamobile/api/datamodel/BillingInfo.class" with enhanced definition
17:45:09,251 (main) INFO  [DataNucleus.Enhancer] - Writing class file "/Users/PSchuette/Workspace/Eclipse/zeppaworkspace/Zeppa-AppEngine/zeppa-api/target/zeppa-api-1/WEB-INF/classes/com/zeppamobile/api/datamodel/DeviceInfo.class" with enhanced definition
17:45:09,258 (main) INFO  [DataNucleus.Enhancer] - Writing class file "/Users/PSchuette/Workspace/Eclipse/zeppaworkspace/Zeppa-AppEngine/zeppa-api/target/zeppa-api-1/WEB-INF/classes/com/zeppamobile/api/datamodel/Employee.class" with enhanced definition
17:45:09,260 (main) INFO  [DataNucleus.Enhancer] - Writing class file "/Users/PSchuette/Workspace/Eclipse/zeppaworkspace/Zeppa-AppEngine/zeppa-api/target/zeppa-api-1/WEB-INF/classes/com/zeppamobile/api/datamodel/EmployeeUserInfo.class" with enhanced definition
17:45:09,265 (main) INFO  [DataNucleus.Enhancer] - Writing class file "/Users/PSchuette/Workspace/Eclipse/zeppaworkspace/Zeppa-AppEngine/zeppa-api/target/zeppa-api-1/WEB-INF/classes/com/zeppamobile/api/datamodel/EventComment.class" with enhanced definition
17:45:09,271 (main) INFO  [DataNucleus.Enhancer] - Writing class file "/Users/PSchuette/Workspace/Eclipse/zeppaworkspace/Zeppa-AppEngine/zeppa-api/target/zeppa-api-1/WEB-INF/classes/com/zeppamobile/api/datamodel/EventTag.class" with enhanced definition
17:45:09,276 (main) INFO  [DataNucleus.Enhancer] - Writing class file "/Users/PSchuette/Workspace/Eclipse/zeppaworkspace/Zeppa-AppEngine/zeppa-api/target/zeppa-api-1/WEB-INF/classes/com/zeppamobile/api/datamodel/EventTagFollow.class" with enhanced definition
17:45:09,280 (main) INFO  [DataNucleus.Enhancer] - Writing class file "/Users/PSchuette/Workspace/Eclipse/zeppaworkspace/Zeppa-AppEngine/zeppa-api/target/zeppa-api-1/WEB-INF/classes/com/zeppamobile/api/datamodel/InviteGroup.class" with enhanced definition
17:45:09,285 (main) INFO  [DataNucleus.Enhancer] - Writing class file "/Users/PSchuette/Workspace/Eclipse/zeppaworkspace/Zeppa-AppEngine/zeppa-api/target/zeppa-api-1/WEB-INF/classes/com/zeppamobile/api/datamodel/MetaTag.class" with enhanced definition
17:45:09,289 (main) INFO  [DataNucleus.Enhancer] - Writing class file "/Users/PSchuette/Workspace/Eclipse/zeppaworkspace/Zeppa-AppEngine/zeppa-api/target/zeppa-api-1/WEB-INF/classes/com/zeppamobile/api/datamodel/MetaTagEntity.class" with enhanced definition
17:45:09,293 (main) INFO  [DataNucleus.Enhancer] - Writing class file "/Users/PSchuette/Workspace/Eclipse/zeppaworkspace/Zeppa-AppEngine/zeppa-api/target/zeppa-api-1/WEB-INF/classes/com/zeppamobile/api/datamodel/PhotoInfo.class" with enhanced definition
17:45:09,298 (main) INFO  [DataNucleus.Enhancer] - Writing class file "/Users/PSchuette/Workspace/Eclipse/zeppaworkspace/Zeppa-AppEngine/zeppa-api/target/zeppa-api-1/WEB-INF/classes/com/zeppamobile/api/datamodel/Vendor.class" with enhanced definition
17:45:09,301 (main) INFO  [DataNucleus.Enhancer] - Writing class file "/Users/PSchuette/Workspace/Eclipse/zeppaworkspace/Zeppa-AppEngine/zeppa-api/target/zeppa-api-1/WEB-INF/classes/com/zeppamobile/api/datamodel/VendorEvent.class" with enhanced definition
17:45:09,305 (main) INFO  [DataNucleus.Enhancer] - Writing class file "/Users/PSchuette/Workspace/Eclipse/zeppaworkspace/Zeppa-AppEngine/zeppa-api/target/zeppa-api-1/WEB-INF/classes/com/zeppamobile/api/datamodel/VendorEventRelationship.class" with enhanced definition
17:45:09,316 (main) INFO  [DataNucleus.Enhancer] - Writing class file "/Users/PSchuette/Workspace/Eclipse/zeppaworkspace/Zeppa-AppEngine/zeppa-api/target/zeppa-api-1/WEB-INF/classes/com/zeppamobile/api/datamodel/ZeppaEvent.class" with enhanced definition
17:45:09,323 (main) INFO  [DataNucleus.Enhancer] - Writing class file "/Users/PSchuette/Workspace/Eclipse/zeppaworkspace/Zeppa-AppEngine/zeppa-api/target/zeppa-api-1/WEB-INF/classes/com/zeppamobile/api/datamodel/ZeppaEventToUserRelationship.class" with enhanced definition
17:45:09,328 (main) INFO  [DataNucleus.Enhancer] - Writing class file "/Users/PSchuette/Workspace/Eclipse/zeppaworkspace/Zeppa-AppEngine/zeppa-api/target/zeppa-api-1/WEB-INF/classes/com/zeppamobile/api/datamodel/ZeppaFeedback.class" with enhanced definition
17:45:09,333 (main) INFO  [DataNucleus.Enhancer] - Writing class file "/Users/PSchuette/Workspace/Eclipse/zeppaworkspace/Zeppa-AppEngine/zeppa-api/target/zeppa-api-1/WEB-INF/classes/com/zeppamobile/api/datamodel/ZeppaNotification.class" with enhanced definition
17:45:09,338 (main) INFO  [DataNucleus.Enhancer] - Writing class file "/Users/PSchuette/Workspace/Eclipse/zeppaworkspace/Zeppa-AppEngine/zeppa-api/target/zeppa-api-1/WEB-INF/classes/com/zeppamobile/api/datamodel/ZeppaUser.class" with enhanced definition
17:45:09,343 (main) INFO  [DataNucleus.Enhancer] - Writing class file "/Users/PSchuette/Workspace/Eclipse/zeppaworkspace/Zeppa-AppEngine/zeppa-api/target/zeppa-api-1/WEB-INF/classes/com/zeppamobile/api/datamodel/ZeppaUserInfo.class" with enhanced definition
17:45:09,347 (main) INFO  [DataNucleus.Enhancer] - Writing class file "/Users/PSchuette/Workspace/Eclipse/zeppaworkspace/Zeppa-AppEngine/zeppa-api/target/zeppa-api-1/WEB-INF/classes/com/zeppamobile/api/datamodel/ZeppaUserToUserRelationship.class" with enhanced definition
17:45:09,348 (main) INFO  [DataNucleus.Enhancer] - DataNucleus Enhancer completed with success for 23 classes. Timings : input=531 ms, enhance=200 ms, total=731 ms. Consult the log for full details
